#
# There is insufficient memory for the Java Runtime Environment to continue.
# Native memory allocation (mmap) failed to map 57671680 bytes for G1 virtual space
# Possible reasons:
#   The system is out of physical RAM or swap space
#   The process is running with CompressedOops enabled, and the Java Heap may be blocking the growth of the native heap
# Possible solutions:
#   Reduce memory load on the system
#   Increase physical memory or swap space
#   Check if swap backing store is full
#   Decrease Java heap size (-Xmx/-Xms)
#   Decrease number of Java threads
#   Decrease Java thread stack sizes (-Xss)
#   Set larger code cache with -XX:ReservedCodeCacheSize=
#   JVM is running with Unscaled Compressed Oops mode in which the Java heap is
#     placed in the first 4GB address space. The Java Heap base address is the
#     maximum limit for the native heap growth. Please use -XX:HeapBaseMinAddress
#     to set the Java Heap base and to place the Java Heap above 4GB virtual address.
# This output file may be truncated or incomplete.
#
#  Out of Memory Error (./open/src/hotspot/os/windows/os_windows.cpp:3321), pid=19876, tid=6680
#
# JRE version: Java(TM) SE Runtime Environment (15.0.2+7) (build 15.0.2+7-27)
# Java VM: Java HotSpot(TM) 64-Bit Server VM (15.0.2+7-27, mixed mode, sharing, tiered, compressed oops, g1 gc, windows-amd64)
# No core dump will be written. Minidumps are not enabled by default on client versions of Windows
#

---------------  S U M M A R Y ------------

Command Line: --module-path=C:\Program Files\Java\javafx-sdk-16\lib --add-modules=javafx.controls,javafx.fxml -javaagent:C:\Program Files\JetBrains\IntelliJ IDEA Community Edition 2020.3.2\lib\idea_rt.jar=56826:C:\Program Files\JetBrains\IntelliJ IDEA Community Edition 2020.3.2\bin -Dfile.encoding=UTF-8 sample.Main

Host: AMD A10-9620P RADEON R5, 10 COMPUTE CORES 4C+6G, 4 cores, 7G,  Windows 10 , 64 bit Build 18362 (10.0.18362.1500)
Time: Tue May 25 21:32:16 2021 Iiaineae?neia noaiaa?oiia a?aiy elapsed time: 23.586698 seconds (0d 0h 0m 23s)

---------------  T H R E A D  ---------------

Current thread (0x000001c7fd6015a0):  VMThread "VM Thread" [stack: 0x000000c68a900000,0x000000c68aa00000] [id=6680]

Stack: [0x000000c68a900000,0x000000c68aa00000]
[error occurred during error reporting (printing stack bounds), id 0xc0000005, EXCEPTION_ACCESS_VIOLATION (0xc0000005) at pc=0x000001c7e72f10ad]

Native frames: (J=compiled Java code, j=interpreted, Vv=VM code, C=native code)
V  [jvm.dll+0x62ae9a]
V  [jvm.dll+0x7817a9]
V  [jvm.dll+0x782f03]
V  [jvm.dll+0x7834c5]
V  [jvm.dll+0x78347b]
V  [jvm.dll+0x62a2b9]
V  [jvm.dll+0x62aa88]
C  [ntdll.dll+0xa1fff]
C  [ntdll.dll+0x6aad9]
C  [ntdll.dll+0xa0c6e]
C  0x000001c7e72f10ad

VM_Operation (0x000000c68a5ff720): G1Concurrent, mode: safepoint, requested by thread 0x000001c7dd950ef0


---------------  P R O C E S S  ---------------

Threads class SMR info:
_java_thread_list=0x000001c7feac40c0, length=19, elements={
0x000001c7dd9020c0, 0x000001c7fd609fe0, 0x000001c7fd60aac0, 0x000001c7fd622c90,
0x000001c7fd627570, 0x000001c7fd628e40, 0x000001c7fd629a30, 0x000001c7fd62d350,
0x000001c7fdfb87f0, 0x000001c7dd9c5720, 0x000001c7fe67f150, 0x000001c7fe87a010,
0x000001c7feea21c0, 0x000001c7fec76e60, 0x000001c7fec77330, 0x000001c7ffaadd10,
0x000001c7ffab01f0, 0x000001c7fee4fd40, 0x000001c7ffb6dd80
}

Java Threads: ( => current thread )
  0x000001c7dd9020c0 JavaThread "main" [_thread_blocked, id=9536, stack(0x000000c68a300000,0x000000c68a400000)]
  0x000001c7fd609fe0 JavaThread "Reference Handler" daemon [_thread_blocked, id=17444, stack(0x000000c68aa00000,0x000000c68ab00000)]
  0x000001c7fd60aac0 JavaThread "Finalizer" daemon [_thread_blocked, id=14308, stack(0x000000c68ab00000,0x000000c68ac00000)]
  0x000001c7fd622c90 JavaThread "Signal Dispatcher" daemon [_thread_blocked, id=21028, stack(0x000000c68ac00000,0x000000c68ad00000)]
  0x000001c7fd627570 JavaThread "Attach Listener" daemon [_thread_blocked, id=16752, stack(0x000000c68ad00000,0x000000c68ae00000)]
  0x000001c7fd628e40 JavaThread "Service Thread" daemon [_thread_blocked, id=20852, stack(0x000000c68ae00000,0x000000c68af00000)]
  0x000001c7fd629a30 JavaThread "C2 CompilerThread0" daemon [_thread_blocked, id=1508, stack(0x000000c68af00000,0x000000c68b000000)]
  0x000001c7fd62d350 JavaThread "C1 CompilerThread0" daemon [_thread_blocked, id=11708, stack(0x000000c68b000000,0x000000c68b100000)]
  0x000001c7fdfb87f0 JavaThread "Sweeper thread" daemon [_thread_blocked, id=14524, stack(0x000000c68b100000,0x000000c68b200000)]
  0x000001c7dd9c5720 JavaThread "Common-Cleaner" daemon [_thread_blocked, id=12312, stack(0x000000c68b200000,0x000000c68b300000)]
  0x000001c7fe67f150 JavaThread "Monitor Ctrl-Break" daemon [_thread_in_native, id=19804, stack(0x000000c68b400000,0x000000c68b500000)]
  0x000001c7fe87a010 JavaThread "Notification Thread" daemon [_thread_blocked, id=21900, stack(0x000000c68b500000,0x000000c68b600000)]
  0x000001c7feea21c0 JavaThread "QuantumRenderer-0" daemon [_thread_blocked, id=236, stack(0x000000c68b300000,0x000000c68b400000)]
  0x000001c7fec76e60 JavaThread "InvokeLaterDispatcher" daemon [_thread_blocked, id=21172, stack(0x000000c68b900000,0x000000c68ba00000)]
  0x000001c7fec77330 JavaThread "JavaFX Application Thread" [_thread_blocked, id=3132, stack(0x000000c68ba00000,0x000000c68bb00000)]
  0x000001c7ffaadd10 JavaThread "JavaFX-Launcher" [_thread_blocked, id=13464, stack(0x000000c68ca00000,0x000000c68cb00000)]
  0x000001c7ffab01f0 JavaThread "Thread-2" daemon [_thread_blocked, id=2968, stack(0x000000c68c900000,0x000000c68ca00000)]
  0x000001c7fee4fd40 JavaThread "mysql-cj-abandoned-connection-cleanup" daemon [_thread_blocked, id=21752, stack(0x000000c68cc00000,0x000000c68cd00000)]
  0x000001c7ffb6dd80 JavaThread "C2 CompilerThread1" daemon [_thread_blocked, id=10032, stack(0x000000c68d000000,0x000000c68d100000)]

Other Threads:
=>0x000001c7fd6015a0 VMThread "VM Thread" [stack: 0x000000c68a900000,0x000000c68aa00000] [id=6680]
  0x000001c7fe1bf7c0 WatcherThread [stack: 0x000000c68b600000,0x000000c68b700000] [id=6844]
  0x000001c7dd940e10 GCTaskThread "GC Thread#0" [stack: 0x000000c68a400000,0x000000c68a500000] [id=20404]
  0x000001c7febac700 GCTaskThread "GC Thread#1" [stack: 0x000000c68bb00000,0x000000c68bc00000] [id=14376]
  0x000001c7febad3c0 GCTaskThread "GC Thread#2" [stack: 0x000000c68bc00000,0x000000c68bd00000] [id=17964]
  0x000001c7febab0b0 GCTaskThread "GC Thread#3" [stack: 0x000000c68bd00000,0x000000c68be00000] [id=18076]
  0x000001c7dd950ef0 ConcurrentGCThread "G1 Main Marker" [stack: 0x000000c68a500000,0x000000c68a600000] [id=17076]
  0x000001c7dd951a70 ConcurrentGCThread "G1 Conc#0" [stack: 0x000000c68a600000,0x000000c68a700000] [id=17464]
  0x000001c7dd9b6f40 ConcurrentGCThread "G1 Refine#0" [stack: 0x000000c68a700000,0x000000c68a800000] [id=1044]
  0x000001c7fe26f430 ConcurrentGCThread "G1 Refine#1" [stack: 0x000000c68cd00000,0x000000c68ce00000] [id=2632]
  0x000001c7fe8c2c80 ConcurrentGCThread "G1 Refine#2" [stack: 0x000000c68ce00000,0x000000c68cf00000] [id=11220]
  0x000001c7fe8c28a0 ConcurrentGCThread "G1 Refine#3" [stack: 0x000000c68cf00000,0x000000c68d000000] [id=19124]
  0x000001c7dd9b7ad0 ConcurrentGCThread "G1 Young RemSet Sampling" [stack: 0x000000c68a800000,0x000000c68a900000] [id=3724]

Threads with active compile tasks:

VM state: at safepoint (normal execution)

VM Mutex/Monitor currently owned by a thread:  ([mutex/lock_event])
[0x000001c7dd8fd780] Threads_lock - owner thread: 0x000001c7fd6015a0
[0x000001c7dd8fe1a0] Heap_lock - owner thread: 0x000001c7dd950ef0

Heap address: 0x0000000088800000, size: 1912 MB, Compressed Oops mode: 32-bit
CDS archive(s) mapped at: [0x0000000800000000-0x0000000800b50000-0x0000000800b50000), size 11862016, SharedBaseAddress: 0x0000000800000000, ArchiveRelocationMode: 0.
Compressed class space mapped at: 0x0000000800b50000-0x0000000840b50000, size: 1073741824
Narrow klass base: 0x0000000800000000, Narrow klass shift: 3, Narrow klass range: 0x100000000

GC Precious Log:
 CPUs: 4 total, 4 available
 Memory: 7645M
 Large Page Support: Disabled
 NUMA Support: Disabled
 Compressed Oops: Enabled (32-bit)
 Heap Region Size: 1M
 Heap Min Capacity: 8M
 Heap Initial Capacity: 120M
 Heap Max Capacity: 1912M
 Pre-touch: Disabled
 Parallel Workers: 4
 Concurrent Workers: 1
 Concurrent Refinement Workers: 4
 Periodic GC: Disabled

Heap:
 garbage-first heap   total 342016K, used 203226K [0x0000000088800000, 0x0000000100000000)
  region size 1024K, 47 young (48128K), 9 survivors (9216K)
 Metaspace       used 13111K, capacity 13384K, committed 13696K, reserved 1060864K
  class space    used 1512K, capacity 1603K, committed 1664K, reserved 1048576K

Heap Regions: E=young(eden), S=young(survivor), O=old, HS=humongous(starts), HC=humongous(continues), CS=collection set, F=free, OA=open archive, CA=closed archive, TAMS=top-at-mark-start (previous, next)
|   0|0x0000000088800000, 0x0000000088900000, 0x0000000088900000|100%| O|  |TAMS 0x0000000088900000, 0x0000000088800000| Updating 
|   1|0x0000000088900000, 0x0000000088a00000, 0x0000000088a00000|100%| O|  |TAMS 0x0000000088a00000, 0x0000000088900000| Updating 
|   2|0x0000000088a00000, 0x0000000088b00000, 0x0000000088b00000|100%| O|  |TAMS 0x0000000088b00000, 0x0000000088a00000| Updating 
|   3|0x0000000088b00000, 0x0000000088c00000, 0x0000000088c00000|100%| O|  |TAMS 0x0000000088c00000, 0x0000000088b00000| Updating 
|   4|0x0000000088c00000, 0x0000000088d00000, 0x0000000088d00000|100%| O|  |TAMS 0x0000000088d00000, 0x0000000088c00000| Updating 
|   5|0x0000000088d00000, 0x0000000088e00000, 0x0000000088e00000|100%| O|  |TAMS 0x0000000088e00000, 0x0000000088d00000| Updating 
|   6|0x0000000088e00000, 0x0000000088f00000, 0x0000000088f00000|100%| O|  |TAMS 0x0000000088f00000, 0x0000000088e00000| Updating 
|   7|0x0000000088f00000, 0x0000000089000000, 0x0000000089000000|100%| O|  |TAMS 0x0000000089000000, 0x0000000088f00000| Updating 
|   8|0x0000000089000000, 0x0000000089100000, 0x0000000089100000|100%| O|  |TAMS 0x0000000089100000, 0x0000000089000000| Updating 
|   9|0x0000000089100000, 0x0000000089200000, 0x0000000089200000|100%| O|  |TAMS 0x0000000089200000, 0x0000000089100000| Updating 
|  10|0x0000000089200000, 0x0000000089300000, 0x0000000089300000|100%| O|  |TAMS 0x0000000089300000, 0x0000000089200000| Updating 
|  11|0x0000000089300000, 0x0000000089400000, 0x0000000089400000|100%| O|  |TAMS 0x0000000089400000, 0x0000000089300000| Updating 
|  12|0x0000000089400000, 0x0000000089500000, 0x0000000089500000|100%| O|  |TAMS 0x0000000089500000, 0x0000000089400000| Updating 
|  13|0x0000000089500000, 0x0000000089600000, 0x0000000089600000|100%| O|  |TAMS 0x0000000089600000, 0x0000000089500000| Updating 
|  14|0x0000000089600000, 0x0000000089700000, 0x0000000089700000|100%| O|  |TAMS 0x0000000089700000, 0x0000000089600000| Updating 
|  15|0x0000000089700000, 0x0000000089800000, 0x0000000089800000|100%| O|  |TAMS 0x0000000089800000, 0x0000000089700000| Updating 
|  16|0x0000000089800000, 0x0000000089900000, 0x0000000089900000|100%| O|  |TAMS 0x0000000089900000, 0x0000000089800000| Updating 
|  17|0x0000000089900000, 0x0000000089a00000, 0x0000000089a00000|100%| O|  |TAMS 0x0000000089a00000, 0x0000000089900000| Updating 
|  18|0x0000000089a00000, 0x0000000089b00000, 0x0000000089b00000|100%| O|  |TAMS 0x0000000089b00000, 0x0000000089a00000| Updating 
|  19|0x0000000089b00000, 0x0000000089c00000, 0x0000000089c00000|100%| O|  |TAMS 0x0000000089c00000, 0x0000000089b00000| Updating 
|  20|0x0000000089c00000, 0x0000000089d00000, 0x0000000089d00000|100%| O|  |TAMS 0x0000000089d00000, 0x0000000089c00000| Updating 
|  21|0x0000000089d00000, 0x0000000089e00000, 0x0000000089e00000|100%| O|  |TAMS 0x0000000089e00000, 0x0000000089d00000| Updating 
|  22|0x0000000089e00000, 0x0000000089f00000, 0x0000000089f00000|100%| O|  |TAMS 0x0000000089f00000, 0x0000000089e00000| Updating 
|  23|0x0000000089f00000, 0x000000008a000000, 0x000000008a000000|100%| O|  |TAMS 0x000000008a000000, 0x0000000089f00000| Updating 
|  24|0x000000008a000000, 0x000000008a100000, 0x000000008a100000|100%| O|  |TAMS 0x000000008a100000, 0x000000008a000000| Updating 
|  25|0x000000008a100000, 0x000000008a200000, 0x000000008a200000|100%| O|  |TAMS 0x000000008a200000, 0x000000008a100000| Updating 
|  26|0x000000008a200000, 0x000000008a300000, 0x000000008a300000|100%| O|  |TAMS 0x000000008a300000, 0x000000008a200000| Updating 
|  27|0x000000008a300000, 0x000000008a400000, 0x000000008a400000|100%| O|  |TAMS 0x000000008a400000, 0x000000008a300000| Updating 
|  28|0x000000008a400000, 0x000000008a500000, 0x000000008a500000|100%| O|  |TAMS 0x000000008a500000, 0x000000008a400000| Updating 
|  29|0x000000008a500000, 0x000000008a600000, 0x000000008a600000|100%| O|  |TAMS 0x000000008a600000, 0x000000008a500000| Updating 
|  30|0x000000008a600000, 0x000000008a700000, 0x000000008a700000|100%| O|  |TAMS 0x000000008a700000, 0x000000008a600000| Updating 
|  31|0x000000008a700000, 0x000000008a800000, 0x000000008a800000|100%| O|  |TAMS 0x000000008a800000, 0x000000008a700000| Updating 
|  32|0x000000008a800000, 0x000000008a900000, 0x000000008a900000|100%| O|  |TAMS 0x000000008a900000, 0x000000008a800000| Updating 
|  33|0x000000008a900000, 0x000000008aa00000, 0x000000008aa00000|100%| O|  |TAMS 0x000000008aa00000, 0x000000008a900000| Updating 
|  34|0x000000008aa00000, 0x000000008ab00000, 0x000000008ab00000|100%| O|  |TAMS 0x000000008ab00000, 0x000000008aa00000| Updating 
|  35|0x000000008ab00000, 0x000000008ac00000, 0x000000008ac00000|100%| O|  |TAMS 0x000000008ac00000, 0x000000008ab00000| Updating 
|  36|0x000000008ac00000, 0x000000008ad00000, 0x000000008ad00000|100%| O|  |TAMS 0x000000008ad00000, 0x000000008ac00000| Updating 
|  37|0x000000008ad00000, 0x000000008ae00000, 0x000000008ae00000|100%| O|  |TAMS 0x000000008ae00000, 0x000000008ad00000| Updating 
|  38|0x000000008ae00000, 0x000000008af00000, 0x000000008af00000|100%| O|  |TAMS 0x000000008af00000, 0x000000008ae00000| Updating 
|  39|0x000000008af00000, 0x000000008b000000, 0x000000008b000000|100%| O|  |TAMS 0x000000008b000000, 0x000000008af00000| Updating 
|  40|0x000000008b000000, 0x000000008b100000, 0x000000008b100000|100%| O|  |TAMS 0x000000008b100000, 0x000000008b000000| Updating 
|  41|0x000000008b100000, 0x000000008b200000, 0x000000008b200000|100%| O|  |TAMS 0x000000008b200000, 0x000000008b100000| Updating 
|  42|0x000000008b200000, 0x000000008b300000, 0x000000008b300000|100%| O|  |TAMS 0x000000008b300000, 0x000000008b200000| Updating 
|  43|0x000000008b300000, 0x000000008b400000, 0x000000008b400000|100%| O|  |TAMS 0x000000008b400000, 0x000000008b300000| Updating 
|  44|0x000000008b400000, 0x000000008b500000, 0x000000008b500000|100%| O|  |TAMS 0x000000008b500000, 0x000000008b400000| Updating 
|  45|0x000000008b500000, 0x000000008b600000, 0x000000008b600000|100%| O|  |TAMS 0x000000008b600000, 0x000000008b500000| Updating 
|  46|0x000000008b600000, 0x000000008b700000, 0x000000008b700000|100%| O|  |TAMS 0x000000008b700000, 0x000000008b600000| Updating 
|  47|0x000000008b700000, 0x000000008b800000, 0x000000008b800000|100%| O|  |TAMS 0x000000008b800000, 0x000000008b700000| Updating 
|  48|0x000000008b800000, 0x000000008b900000, 0x000000008b900000|100%| O|  |TAMS 0x000000008b900000, 0x000000008b800000| Updating 
|  49|0x000000008b900000, 0x000000008ba00000, 0x000000008ba00000|100%| O|  |TAMS 0x000000008ba00000, 0x000000008b900000| Updating 
|  50|0x000000008ba00000, 0x000000008bb00000, 0x000000008bb00000|100%| O|  |TAMS 0x000000008bb00000, 0x000000008ba00000| Updating 
|  51|0x000000008bb00000, 0x000000008bc00000, 0x000000008bc00000|100%| O|  |TAMS 0x000000008bc00000, 0x000000008bb00000| Updating 
|  52|0x000000008bc00000, 0x000000008bd00000, 0x000000008bd00000|100%| O|  |TAMS 0x000000008bd00000, 0x000000008bc00000| Updating 
|  53|0x000000008bd00000, 0x000000008be00000, 0x000000008be00000|100%| O|  |TAMS 0x000000008be00000, 0x000000008bd00000| Updating 
|  54|0x000000008be00000, 0x000000008bf00000, 0x000000008bf00000|100%| O|  |TAMS 0x000000008bf00000, 0x000000008be00000| Updating 
|  55|0x000000008bf00000, 0x000000008c000000, 0x000000008c000000|100%| O|  |TAMS 0x000000008c000000, 0x000000008bf00000| Updating 
|  56|0x000000008c000000, 0x000000008c100000, 0x000000008c100000|100%| O|  |TAMS 0x000000008c100000, 0x000000008c000000| Updating 
|  57|0x000000008c100000, 0x000000008c200000, 0x000000008c200000|100%| O|  |TAMS 0x000000008c200000, 0x000000008c100000| Updating 
|  58|0x000000008c200000, 0x000000008c300000, 0x000000008c300000|100%| O|  |TAMS 0x000000008c300000, 0x000000008c200000| Updating 
|  59|0x000000008c300000, 0x000000008c400000, 0x000000008c400000|100%| O|  |TAMS 0x000000008c400000, 0x000000008c300000| Updating 
|  60|0x000000008c400000, 0x000000008c500000, 0x000000008c500000|100%| O|  |TAMS 0x000000008c500000, 0x000000008c400000| Updating 
|  61|0x000000008c500000, 0x000000008c600000, 0x000000008c600000|100%| O|  |TAMS 0x000000008c600000, 0x000000008c500000| Updating 
|  62|0x000000008c600000, 0x000000008c700000, 0x000000008c700000|100%| O|  |TAMS 0x000000008c700000, 0x000000008c600000| Updating 
|  63|0x000000008c700000, 0x000000008c800000, 0x000000008c800000|100%| O|  |TAMS 0x000000008c800000, 0x000000008c700000| Updating 
|  64|0x000000008c800000, 0x000000008c900000, 0x000000008c900000|100%| O|  |TAMS 0x000000008c900000, 0x000000008c800000| Updating 
|  65|0x000000008c900000, 0x000000008ca00000, 0x000000008ca00000|100%| O|  |TAMS 0x000000008ca00000, 0x000000008c900000| Updating 
|  66|0x000000008ca00000, 0x000000008cb00000, 0x000000008cb00000|100%| O|  |TAMS 0x000000008cb00000, 0x000000008ca00000| Updating 
|  67|0x000000008cb00000, 0x000000008cc00000, 0x000000008cc00000|100%| O|  |TAMS 0x000000008cc00000, 0x000000008cb00000| Updating 
|  68|0x000000008cc00000, 0x000000008cd00000, 0x000000008cd00000|100%| O|  |TAMS 0x000000008cd00000, 0x000000008cc00000| Updating 
|  69|0x000000008cd00000, 0x000000008ce00000, 0x000000008ce00000|100%| O|  |TAMS 0x000000008ce00000, 0x000000008cd00000| Updating 
|  70|0x000000008ce00000, 0x000000008cf00000, 0x000000008cf00000|100%| O|  |TAMS 0x000000008cf00000, 0x000000008ce00000| Updating 
|  71|0x000000008cf00000, 0x000000008d000000, 0x000000008d000000|100%| O|  |TAMS 0x000000008d000000, 0x000000008cf00000| Updating 
|  72|0x000000008d000000, 0x000000008d100000, 0x000000008d100000|100%| O|  |TAMS 0x000000008d100000, 0x000000008d000000| Updating 
|  73|0x000000008d100000, 0x000000008d200000, 0x000000008d200000|100%| O|  |TAMS 0x000000008d200000, 0x000000008d100000| Updating 
|  74|0x000000008d200000, 0x000000008d300000, 0x000000008d300000|100%| O|  |TAMS 0x000000008d300000, 0x000000008d200000| Updating 
|  75|0x000000008d300000, 0x000000008d400000, 0x000000008d400000|100%| O|  |TAMS 0x000000008d400000, 0x000000008d300000| Updating 
|  76|0x000000008d400000, 0x000000008d500000, 0x000000008d500000|100%| O|  |TAMS 0x000000008d500000, 0x000000008d400000| Updating 
|  77|0x000000008d500000, 0x000000008d600000, 0x000000008d600000|100%| O|  |TAMS 0x000000008d600000, 0x000000008d500000| Updating 
|  78|0x000000008d600000, 0x000000008d700000, 0x000000008d700000|100%| O|  |TAMS 0x000000008d700000, 0x000000008d600000| Updating 
|  79|0x000000008d700000, 0x000000008d800000, 0x000000008d800000|100%| O|  |TAMS 0x000000008d800000, 0x000000008d700000| Updating 
|  80|0x000000008d800000, 0x000000008d900000, 0x000000008d900000|100%| O|  |TAMS 0x000000008d900000, 0x000000008d800000| Updating 
|  81|0x000000008d900000, 0x000000008da00000, 0x000000008da00000|100%| O|  |TAMS 0x000000008da00000, 0x000000008d900000| Updating 
|  82|0x000000008da00000, 0x000000008db00000, 0x000000008db00000|100%| O|  |TAMS 0x000000008db00000, 0x000000008da00000| Updating 
|  83|0x000000008db00000, 0x000000008dc00000, 0x000000008dc00000|100%| O|  |TAMS 0x000000008dc00000, 0x000000008db00000| Updating 
|  84|0x000000008dc00000, 0x000000008dd00000, 0x000000008dd00000|100%| O|  |TAMS 0x000000008dd00000, 0x000000008dc00000| Updating 
|  85|0x000000008dd00000, 0x000000008de00000, 0x000000008de00000|100%| O|  |TAMS 0x000000008de00000, 0x000000008dd00000| Updating 
|  86|0x000000008de00000, 0x000000008df00000, 0x000000008df00000|100%| O|  |TAMS 0x000000008df00000, 0x000000008de00000| Updating 
|  87|0x000000008df00000, 0x000000008e000000, 0x000000008e000000|100%| O|  |TAMS 0x000000008e000000, 0x000000008df00000| Updating 
|  88|0x000000008e000000, 0x000000008e100000, 0x000000008e100000|100%| O|  |TAMS 0x000000008e100000, 0x000000008e000000| Updating 
|  89|0x000000008e100000, 0x000000008e200000, 0x000000008e200000|100%| O|  |TAMS 0x000000008e200000, 0x000000008e100000| Updating 
|  90|0x000000008e200000, 0x000000008e300000, 0x000000008e300000|100%| O|  |TAMS 0x000000008e300000, 0x000000008e200000| Updating 
|  91|0x000000008e300000, 0x000000008e400000, 0x000000008e400000|100%| O|  |TAMS 0x000000008e400000, 0x000000008e300000| Updating 
|  92|0x000000008e400000, 0x000000008e500000, 0x000000008e500000|100%| O|  |TAMS 0x000000008e500000, 0x000000008e400000| Updating 
|  93|0x000000008e500000, 0x000000008e600000, 0x000000008e600000|100%| O|  |TAMS 0x000000008e600000, 0x000000008e500000| Updating 
|  94|0x000000008e600000, 0x000000008e700000, 0x000000008e700000|100%| O|  |TAMS 0x000000008e700000, 0x000000008e600000| Updating 
|  95|0x000000008e700000, 0x000000008e800000, 0x000000008e800000|100%| O|  |TAMS 0x000000008e800000, 0x000000008e700000| Updating 
|  96|0x000000008e800000, 0x000000008e900000, 0x000000008e900000|100%| O|  |TAMS 0x000000008e900000, 0x000000008e800000| Updating 
|  97|0x000000008e900000, 0x000000008ea00000, 0x000000008ea00000|100%| O|  |TAMS 0x000000008ea00000, 0x000000008e900000| Updating 
|  98|0x000000008ea00000, 0x000000008eb00000, 0x000000008eb00000|100%| O|  |TAMS 0x000000008eb00000, 0x000000008ea00000| Updating 
|  99|0x000000008eb00000, 0x000000008ec00000, 0x000000008ec00000|100%| O|  |TAMS 0x000000008ec00000, 0x000000008eb00000| Updating 
| 100|0x000000008ec00000, 0x000000008ed00000, 0x000000008ed00000|100%| O|  |TAMS 0x000000008ed00000, 0x000000008ec00000| Updating 
| 101|0x000000008ed00000, 0x000000008ee00000, 0x000000008ee00000|100%| O|  |TAMS 0x000000008ee00000, 0x000000008ed00000| Updating 
| 102|0x000000008ee00000, 0x000000008ef00000, 0x000000008ef00000|100%| O|  |TAMS 0x000000008ef00000, 0x000000008ee00000| Updating 
| 103|0x000000008ef00000, 0x000000008f000000, 0x000000008f000000|100%| O|  |TAMS 0x000000008f000000, 0x000000008ef00000| Updating 
| 104|0x000000008f000000, 0x000000008f100000, 0x000000008f100000|100%| O|  |TAMS 0x000000008f100000, 0x000000008f000000| Updating 
| 105|0x000000008f100000, 0x000000008f200000, 0x000000008f200000|100%| O|  |TAMS 0x000000008f200000, 0x000000008f100000| Updating 
| 106|0x000000008f200000, 0x000000008f300000, 0x000000008f300000|100%| O|  |TAMS 0x000000008f300000, 0x000000008f200000| Updating 
| 107|0x000000008f300000, 0x000000008f400000, 0x000000008f400000|100%| O|  |TAMS 0x000000008f400000, 0x000000008f300000| Updating 
| 108|0x000000008f400000, 0x000000008f500000, 0x000000008f500000|100%| O|  |TAMS 0x000000008f500000, 0x000000008f400000| Updating 
| 109|0x000000008f500000, 0x000000008f600000, 0x000000008f600000|100%| O|  |TAMS 0x000000008f600000, 0x000000008f500000| Updating 
| 110|0x000000008f600000, 0x000000008f700000, 0x000000008f700000|100%| O|  |TAMS 0x000000008f700000, 0x000000008f600000| Updating 
| 111|0x000000008f700000, 0x000000008f800000, 0x000000008f800000|100%| O|  |TAMS 0x000000008f800000, 0x000000008f700000| Updating 
| 112|0x000000008f800000, 0x000000008f900000, 0x000000008f900000|100%| O|  |TAMS 0x000000008f900000, 0x000000008f800000| Updating 
| 113|0x000000008f900000, 0x000000008fa00000, 0x000000008fa00000|100%| O|  |TAMS 0x000000008fa00000, 0x000000008f900000| Updating 
| 114|0x000000008fa00000, 0x000000008fb00000, 0x000000008fb00000|100%| O|  |TAMS 0x000000008fb00000, 0x000000008fa00000| Updating 
| 115|0x000000008fb00000, 0x000000008fc00000, 0x000000008fc00000|100%| O|  |TAMS 0x000000008fc00000, 0x000000008fb00000| Updating 
| 116|0x000000008fc00000, 0x000000008fd00000, 0x000000008fd00000|100%| O|  |TAMS 0x000000008fd00000, 0x000000008fc00000| Updating 
| 117|0x000000008fd00000, 0x000000008fe00000, 0x000000008fe00000|100%| O|  |TAMS 0x000000008fe00000, 0x000000008fd00000| Updating 
| 118|0x000000008fe00000, 0x000000008ff00000, 0x000000008ff00000|100%| O|  |TAMS 0x000000008ff00000, 0x000000008fe00000| Updating 
| 119|0x000000008ff00000, 0x0000000090000000, 0x0000000090000000|100%| O|  |TAMS 0x0000000090000000, 0x000000008ff00000| Updating 
| 120|0x0000000090000000, 0x0000000090100000, 0x0000000090100000|100%| O|  |TAMS 0x0000000090100000, 0x0000000090000000| Updating 
| 121|0x0000000090100000, 0x0000000090200000, 0x0000000090200000|100%| O|  |TAMS 0x0000000090200000, 0x0000000090100000| Updating 
| 122|0x0000000090200000, 0x0000000090300000, 0x0000000090300000|100%| O|  |TAMS 0x0000000090300000, 0x0000000090200000| Updating 
| 123|0x0000000090300000, 0x0000000090400000, 0x0000000090400000|100%| O|  |TAMS 0x0000000090400000, 0x0000000090300000| Updating 
| 124|0x0000000090400000, 0x0000000090500000, 0x0000000090500000|100%| O|  |TAMS 0x0000000090500000, 0x0000000090400000| Updating 
| 125|0x0000000090500000, 0x0000000090600000, 0x0000000090600000|100%| O|  |TAMS 0x0000000090600000, 0x0000000090500000| Updating 
| 126|0x0000000090600000, 0x0000000090700000, 0x0000000090700000|100%| O|  |TAMS 0x0000000090700000, 0x0000000090600000| Updating 
| 127|0x0000000090700000, 0x0000000090800000, 0x0000000090800000|100%| O|  |TAMS 0x0000000090800000, 0x0000000090700000| Updating 
| 128|0x0000000090800000, 0x0000000090900000, 0x0000000090900000|100%| O|  |TAMS 0x0000000090900000, 0x0000000090800000| Updating 
| 129|0x0000000090900000, 0x0000000090a00000, 0x0000000090a00000|100%| O|  |TAMS 0x0000000090a00000, 0x0000000090900000| Updating 
| 130|0x0000000090a00000, 0x0000000090b00000, 0x0000000090b00000|100%| O|  |TAMS 0x0000000090b00000, 0x0000000090a00000| Updating 
| 131|0x0000000090b00000, 0x0000000090c00000, 0x0000000090c00000|100%| O|  |TAMS 0x0000000090c00000, 0x0000000090b00000| Updating 
| 132|0x0000000090c00000, 0x0000000090d00000, 0x0000000090d00000|100%| O|  |TAMS 0x0000000090d00000, 0x0000000090c00000| Updating 
| 133|0x0000000090d00000, 0x0000000090e00000, 0x0000000090e00000|100%| O|  |TAMS 0x0000000090e00000, 0x0000000090d00000| Updating 
| 134|0x0000000090e00000, 0x0000000090f00000, 0x0000000090f00000|100%| O|  |TAMS 0x0000000090f00000, 0x0000000090e00000| Updating 
| 135|0x0000000090f00000, 0x0000000091000000, 0x0000000091000000|100%| O|  |TAMS 0x0000000091000000, 0x0000000090f00000| Updating 
| 136|0x0000000091000000, 0x0000000091100000, 0x0000000091100000|100%| O|  |TAMS 0x0000000091100000, 0x0000000091000000| Updating 
| 137|0x0000000091100000, 0x0000000091200000, 0x0000000091200000|100%| O|  |TAMS 0x0000000091200000, 0x0000000091100000| Updating 
| 138|0x0000000091200000, 0x0000000091300000, 0x0000000091300000|100%| O|  |TAMS 0x0000000091300000, 0x0000000091200000| Updating 
| 139|0x0000000091300000, 0x0000000091400000, 0x0000000091400000|100%| O|  |TAMS 0x0000000091400000, 0x0000000091300000| Updating 
| 140|0x0000000091400000, 0x0000000091500000, 0x0000000091500000|100%| O|  |TAMS 0x0000000091500000, 0x0000000091400000| Updating 
| 141|0x0000000091500000, 0x0000000091600000, 0x0000000091600000|100%| O|  |TAMS 0x0000000091600000, 0x0000000091500000| Updating 
| 142|0x0000000091600000, 0x0000000091700000, 0x0000000091700000|100%| O|  |TAMS 0x0000000091678a00, 0x0000000091600000| Updating 
| 143|0x0000000091700000, 0x0000000091800000, 0x0000000091800000|100%| O|  |TAMS 0x0000000091700000, 0x0000000091700000| Untracked 
| 144|0x0000000091800000, 0x0000000091900000, 0x0000000091900000|100%| O|  |TAMS 0x0000000091800000, 0x0000000091800000| Untracked 
| 145|0x0000000091900000, 0x0000000091a00000, 0x0000000091a00000|100%| O|  |TAMS 0x0000000091900000, 0x0000000091900000| Untracked 
| 146|0x0000000091a00000, 0x0000000091b00000, 0x0000000091b00000|100%| O|  |TAMS 0x0000000091a00000, 0x0000000091a00000| Untracked 
| 147|0x0000000091b00000, 0x0000000091c00000, 0x0000000091c00000|100%| O|  |TAMS 0x0000000091b00000, 0x0000000091b00000| Untracked 
| 148|0x0000000091c00000, 0x0000000091d00000, 0x0000000091d00000|100%| O|  |TAMS 0x0000000091c00000, 0x0000000091c00000| Untracked 
| 149|0x0000000091d00000, 0x0000000091e00000, 0x0000000091e00000|100%| O|  |TAMS 0x0000000091d00000, 0x0000000091d00000| Untracked 
| 150|0x0000000091e00000, 0x0000000091f00000, 0x0000000091f00000|100%| O|  |TAMS 0x0000000091e00000, 0x0000000091e00000| Untracked 
| 151|0x0000000091f00000, 0x0000000092000000, 0x0000000092000000|100%| O|  |TAMS 0x0000000091f00000, 0x0000000091f00000| Untracked 
| 152|0x0000000092000000, 0x0000000092076800, 0x0000000092100000| 46%| O|  |TAMS 0x0000000092000000, 0x0000000092000000| Updating 
| 153|0x0000000092100000, 0x0000000092100000, 0x0000000092200000|  0%| F|  |TAMS 0x0000000092100000, 0x0000000092100000| Untracked 
| 154|0x0000000092200000, 0x0000000092200000, 0x0000000092300000|  0%| F|  |TAMS 0x0000000092200000, 0x0000000092200000| Untracked 
| 155|0x0000000092300000, 0x0000000092300000, 0x0000000092400000|  0%| F|  |TAMS 0x0000000092300000, 0x0000000092300000| Untracked 
| 156|0x0000000092400000, 0x0000000092400000, 0x0000000092500000|  0%| F|  |TAMS 0x0000000092400000, 0x0000000092400000| Untracked 
| 157|0x0000000092500000, 0x0000000092500000, 0x0000000092600000|  0%| F|  |TAMS 0x0000000092500000, 0x0000000092500000| Untracked 
| 158|0x0000000092600000, 0x0000000092600000, 0x0000000092700000|  0%| F|  |TAMS 0x0000000092600000, 0x0000000092600000| Untracked 
| 159|0x0000000092700000, 0x0000000092700000, 0x0000000092800000|  0%| F|  |TAMS 0x0000000092700000, 0x0000000092700000| Untracked 
| 160|0x0000000092800000, 0x0000000092800000, 0x0000000092900000|  0%| F|  |TAMS 0x0000000092800000, 0x0000000092800000| Untracked 
| 161|0x0000000092900000, 0x0000000092900000, 0x0000000092a00000|  0%| F|  |TAMS 0x0000000092900000, 0x0000000092900000| Untracked 
| 162|0x0000000092a00000, 0x0000000092a00000, 0x0000000092b00000|  0%| F|  |TAMS 0x0000000092a00000, 0x0000000092a00000| Untracked 
| 163|0x0000000092b00000, 0x0000000092b00000, 0x0000000092c00000|  0%| F|  |TAMS 0x0000000092b00000, 0x0000000092b00000| Untracked 
| 164|0x0000000092c00000, 0x0000000092c00000, 0x0000000092d00000|  0%| F|  |TAMS 0x0000000092c00000, 0x0000000092c00000| Untracked 
| 165|0x0000000092d00000, 0x0000000092d00000, 0x0000000092e00000|  0%| F|  |TAMS 0x0000000092d00000, 0x0000000092d00000| Untracked 
| 166|0x0000000092e00000, 0x0000000092e00000, 0x0000000092f00000|  0%| F|  |TAMS 0x0000000092e00000, 0x0000000092e00000| Untracked 
| 167|0x0000000092f00000, 0x0000000092f00000, 0x0000000093000000|  0%| F|  |TAMS 0x0000000092f00000, 0x0000000092f00000| Untracked 
| 168|0x0000000093000000, 0x0000000093000000, 0x0000000093100000|  0%| F|  |TAMS 0x0000000093000000, 0x0000000093000000| Untracked 
| 169|0x0000000093100000, 0x0000000093100000, 0x0000000093200000|  0%| F|  |TAMS 0x0000000093100000, 0x0000000093100000| Untracked 
| 170|0x0000000093200000, 0x0000000093200000, 0x0000000093300000|  0%| F|  |TAMS 0x0000000093200000, 0x0000000093200000| Untracked 
| 171|0x0000000093300000, 0x0000000093300000, 0x0000000093400000|  0%| F|  |TAMS 0x0000000093300000, 0x0000000093300000| Untracked 
| 172|0x0000000093400000, 0x0000000093400000, 0x0000000093500000|  0%| F|  |TAMS 0x0000000093400000, 0x0000000093400000| Untracked 
| 173|0x0000000093500000, 0x0000000093500000, 0x0000000093600000|  0%| F|  |TAMS 0x0000000093500000, 0x0000000093500000| Untracked 
| 174|0x0000000093600000, 0x0000000093600000, 0x0000000093700000|  0%| F|  |TAMS 0x0000000093600000, 0x0000000093600000| Untracked 
| 175|0x0000000093700000, 0x0000000093700000, 0x0000000093800000|  0%| F|  |TAMS 0x0000000093700000, 0x0000000093700000| Untracked 
| 176|0x0000000093800000, 0x0000000093800000, 0x0000000093900000|  0%| F|  |TAMS 0x0000000093800000, 0x0000000093800000| Untracked 
| 177|0x0000000093900000, 0x0000000093900000, 0x0000000093a00000|  0%| F|  |TAMS 0x0000000093900000, 0x0000000093900000| Untracked 
| 178|0x0000000093a00000, 0x0000000093a00000, 0x0000000093b00000|  0%| F|  |TAMS 0x0000000093a00000, 0x0000000093a00000| Untracked 
| 179|0x0000000093b00000, 0x0000000093b00000, 0x0000000093c00000|  0%| F|  |TAMS 0x0000000093b00000, 0x0000000093b00000| Untracked 
| 180|0x0000000093c00000, 0x0000000093c00000, 0x0000000093d00000|  0%| F|  |TAMS 0x0000000093c00000, 0x0000000093c00000| Untracked 
| 181|0x0000000093d00000, 0x0000000093d00000, 0x0000000093e00000|  0%| F|  |TAMS 0x0000000093d00000, 0x0000000093d00000| Untracked 
| 182|0x0000000093e00000, 0x0000000093e00000, 0x0000000093f00000|  0%| F|  |TAMS 0x0000000093e00000, 0x0000000093e00000| Untracked 
| 183|0x0000000093f00000, 0x0000000093f00000, 0x0000000094000000|  0%| F|  |TAMS 0x0000000093f00000, 0x0000000093f00000| Untracked 
| 184|0x0000000094000000, 0x0000000094000000, 0x0000000094100000|  0%| F|  |TAMS 0x0000000094000000, 0x0000000094000000| Untracked 
| 185|0x0000000094100000, 0x0000000094100000, 0x0000000094200000|  0%| F|  |TAMS 0x0000000094100000, 0x0000000094100000| Untracked 
| 186|0x0000000094200000, 0x0000000094200000, 0x0000000094300000|  0%| F|  |TAMS 0x0000000094200000, 0x0000000094200000| Untracked 
| 187|0x0000000094300000, 0x0000000094300000, 0x0000000094400000|  0%| F|  |TAMS 0x0000000094300000, 0x0000000094300000| Untracked 
| 188|0x0000000094400000, 0x0000000094400000, 0x0000000094500000|  0%| F|  |TAMS 0x0000000094400000, 0x0000000094400000| Untracked 
| 189|0x0000000094500000, 0x0000000094500000, 0x0000000094600000|  0%| F|  |TAMS 0x0000000094500000, 0x0000000094500000| Untracked 
| 190|0x0000000094600000, 0x0000000094600000, 0x0000000094700000|  0%| F|  |TAMS 0x0000000094600000, 0x0000000094600000| Untracked 
| 191|0x0000000094700000, 0x0000000094700000, 0x0000000094800000|  0%| F|  |TAMS 0x0000000094700000, 0x0000000094700000| Untracked 
| 192|0x0000000094800000, 0x0000000094800000, 0x0000000094900000|  0%| F|  |TAMS 0x0000000094800000, 0x0000000094800000| Untracked 
| 193|0x0000000094900000, 0x0000000094900000, 0x0000000094a00000|  0%| F|  |TAMS 0x0000000094900000, 0x0000000094900000| Untracked 
| 194|0x0000000094a00000, 0x0000000094a00000, 0x0000000094b00000|  0%| F|  |TAMS 0x0000000094a00000, 0x0000000094a00000| Untracked 
| 195|0x0000000094b00000, 0x0000000094b00000, 0x0000000094c00000|  0%| F|  |TAMS 0x0000000094b00000, 0x0000000094b00000| Untracked 
| 196|0x0000000094c00000, 0x0000000094c00000, 0x0000000094d00000|  0%| F|  |TAMS 0x0000000094c00000, 0x0000000094c00000| Untracked 
| 197|0x0000000094d00000, 0x0000000094d00000, 0x0000000094e00000|  0%| F|  |TAMS 0x0000000094d00000, 0x0000000094d00000| Untracked 
| 198|0x0000000094e00000, 0x0000000094e00000, 0x0000000094f00000|  0%| F|  |TAMS 0x0000000094e00000, 0x0000000094e00000| Untracked 
| 199|0x0000000094f00000, 0x0000000094f00000, 0x0000000095000000|  0%| F|  |TAMS 0x0000000094f00000, 0x0000000094f00000| Untracked 
| 200|0x0000000095000000, 0x0000000095000000, 0x0000000095100000|  0%| F|  |TAMS 0x0000000095000000, 0x0000000095000000| Untracked 
| 201|0x0000000095100000, 0x0000000095200000, 0x0000000095200000|100%| S|CS|TAMS 0x0000000095100000, 0x0000000095100000| Complete 
| 202|0x0000000095200000, 0x0000000095300000, 0x0000000095300000|100%| S|CS|TAMS 0x0000000095200000, 0x0000000095200000| Complete 
| 203|0x0000000095300000, 0x0000000095400000, 0x0000000095400000|100%| S|CS|TAMS 0x0000000095300000, 0x0000000095300000| Complete 
| 204|0x0000000095400000, 0x0000000095500000, 0x0000000095500000|100%| S|CS|TAMS 0x0000000095400000, 0x0000000095400000| Complete 
| 205|0x0000000095500000, 0x0000000095600000, 0x0000000095600000|100%| S|CS|TAMS 0x0000000095500000, 0x0000000095500000| Complete 
| 206|0x0000000095600000, 0x0000000095700000, 0x0000000095700000|100%| S|CS|TAMS 0x0000000095600000, 0x0000000095600000| Complete 
| 207|0x0000000095700000, 0x0000000095800000, 0x0000000095800000|100%| S|CS|TAMS 0x0000000095700000, 0x0000000095700000| Complete 
| 208|0x0000000095800000, 0x0000000095900000, 0x0000000095900000|100%| S|CS|TAMS 0x0000000095800000, 0x0000000095800000| Complete 
| 209|0x0000000095900000, 0x0000000095a00000, 0x0000000095a00000|100%| S|CS|TAMS 0x0000000095900000, 0x0000000095900000| Complete 
| 210|0x0000000095a00000, 0x0000000095a00000, 0x0000000095b00000|  0%| F|  |TAMS 0x0000000095a00000, 0x0000000095a00000| Untracked 
| 211|0x0000000095b00000, 0x0000000095b00000, 0x0000000095c00000|  0%| F|  |TAMS 0x0000000095b00000, 0x0000000095b00000| Untracked 
| 212|0x0000000095c00000, 0x0000000095c00000, 0x0000000095d00000|  0%| F|  |TAMS 0x0000000095c00000, 0x0000000095c00000| Untracked 
| 213|0x0000000095d00000, 0x0000000095d00000, 0x0000000095e00000|  0%| F|  |TAMS 0x0000000095d00000, 0x0000000095d00000| Untracked 
| 214|0x0000000095e00000, 0x0000000095e00000, 0x0000000095f00000|  0%| F|  |TAMS 0x0000000095e00000, 0x0000000095e00000| Untracked 
| 215|0x0000000095f00000, 0x0000000095f00000, 0x0000000096000000|  0%| F|  |TAMS 0x0000000095f00000, 0x0000000095f00000| Untracked 
| 216|0x0000000096000000, 0x0000000096000000, 0x0000000096100000|  0%| F|  |TAMS 0x0000000096000000, 0x0000000096000000| Untracked 
| 217|0x0000000096100000, 0x0000000096100000, 0x0000000096200000|  0%| F|  |TAMS 0x0000000096100000, 0x0000000096100000| Untracked 
| 218|0x0000000096200000, 0x0000000096200000, 0x0000000096300000|  0%| F|  |TAMS 0x0000000096200000, 0x0000000096200000| Untracked 
| 219|0x0000000096300000, 0x0000000096300000, 0x0000000096400000|  0%| F|  |TAMS 0x0000000096300000, 0x0000000096300000| Untracked 
| 220|0x0000000096400000, 0x0000000096400000, 0x0000000096500000|  0%| F|  |TAMS 0x0000000096400000, 0x0000000096400000| Untracked 
| 221|0x0000000096500000, 0x0000000096500000, 0x0000000096600000|  0%| F|  |TAMS 0x0000000096500000, 0x0000000096500000| Untracked 
| 222|0x0000000096600000, 0x0000000096600000, 0x0000000096700000|  0%| F|  |TAMS 0x0000000096600000, 0x0000000096600000| Untracked 
| 223|0x0000000096700000, 0x0000000096700000, 0x0000000096800000|  0%| F|  |TAMS 0x0000000096700000, 0x0000000096700000| Untracked 
| 224|0x0000000096800000, 0x0000000096800000, 0x0000000096900000|  0%| F|  |TAMS 0x0000000096800000, 0x0000000096800000| Untracked 
| 225|0x0000000096900000, 0x0000000096900000, 0x0000000096a00000|  0%| F|  |TAMS 0x0000000096900000, 0x0000000096900000| Untracked 
| 226|0x0000000096a00000, 0x0000000096a00000, 0x0000000096b00000|  0%| F|  |TAMS 0x0000000096a00000, 0x0000000096a00000| Untracked 
| 227|0x0000000096b00000, 0x0000000096b00000, 0x0000000096c00000|  0%| F|  |TAMS 0x0000000096b00000, 0x0000000096b00000| Untracked 
| 228|0x0000000096c00000, 0x0000000096c00000, 0x0000000096d00000|  0%| F|  |TAMS 0x0000000096c00000, 0x0000000096c00000| Untracked 
| 229|0x0000000096d00000, 0x0000000096d00000, 0x0000000096e00000|  0%| F|  |TAMS 0x0000000096d00000, 0x0000000096d00000| Untracked 
| 230|0x0000000096e00000, 0x0000000096e00000, 0x0000000096f00000|  0%| F|  |TAMS 0x0000000096e00000, 0x0000000096e00000| Untracked 
| 231|0x0000000096f00000, 0x0000000096f00000, 0x0000000097000000|  0%| F|  |TAMS 0x0000000096f00000, 0x0000000096f00000| Untracked 
| 232|0x0000000097000000, 0x0000000097000000, 0x0000000097100000|  0%| F|  |TAMS 0x0000000097000000, 0x0000000097000000| Untracked 
| 233|0x0000000097100000, 0x0000000097100000, 0x0000000097200000|  0%| F|  |TAMS 0x0000000097100000, 0x0000000097100000| Untracked 
| 234|0x0000000097200000, 0x0000000097200000, 0x0000000097300000|  0%| F|  |TAMS 0x0000000097200000, 0x0000000097200000| Untracked 
| 235|0x0000000097300000, 0x0000000097300000, 0x0000000097400000|  0%| F|  |TAMS 0x0000000097300000, 0x0000000097300000| Untracked 
| 236|0x0000000097400000, 0x0000000097400000, 0x0000000097500000|  0%| F|  |TAMS 0x0000000097400000, 0x0000000097400000| Untracked 
| 237|0x0000000097500000, 0x0000000097500000, 0x0000000097600000|  0%| F|  |TAMS 0x0000000097500000, 0x0000000097500000| Untracked 
| 238|0x0000000097600000, 0x0000000097600000, 0x0000000097700000|  0%| F|  |TAMS 0x0000000097600000, 0x0000000097600000| Untracked 
| 239|0x0000000097700000, 0x0000000097700000, 0x0000000097800000|  0%| F|  |TAMS 0x0000000097700000, 0x0000000097700000| Untracked 
| 240|0x0000000097800000, 0x0000000097800000, 0x0000000097900000|  0%| F|  |TAMS 0x0000000097800000, 0x0000000097800000| Untracked 
| 241|0x0000000097900000, 0x0000000097998b48, 0x0000000097a00000| 59%| E|  |TAMS 0x0000000097900000, 0x0000000097900000| Complete 
| 242|0x0000000097a00000, 0x0000000097b00000, 0x0000000097b00000|100%| E|CS|TAMS 0x0000000097a00000, 0x0000000097a00000| Complete 
| 243|0x0000000097b00000, 0x0000000097c00000, 0x0000000097c00000|100%| E|CS|TAMS 0x0000000097b00000, 0x0000000097b00000| Complete 
| 244|0x0000000097c00000, 0x0000000097d00000, 0x0000000097d00000|100%| E|CS|TAMS 0x0000000097c00000, 0x0000000097c00000| Complete 
| 245|0x0000000097d00000, 0x0000000097e00000, 0x0000000097e00000|100%| E|CS|TAMS 0x0000000097d00000, 0x0000000097d00000| Complete 
| 246|0x0000000097e00000, 0x0000000097f00000, 0x0000000097f00000|100%| E|CS|TAMS 0x0000000097e00000, 0x0000000097e00000| Complete 
| 247|0x0000000097f00000, 0x0000000098000000, 0x0000000098000000|100%| E|CS|TAMS 0x0000000097f00000, 0x0000000097f00000| Complete 
| 248|0x0000000098000000, 0x0000000098100000, 0x0000000098100000|100%| E|CS|TAMS 0x0000000098000000, 0x0000000098000000| Complete 
| 249|0x0000000098100000, 0x0000000098200000, 0x0000000098200000|100%| E|CS|TAMS 0x0000000098100000, 0x0000000098100000| Complete 
| 250|0x0000000098200000, 0x0000000098300000, 0x0000000098300000|100%| E|CS|TAMS 0x0000000098200000, 0x0000000098200000| Complete 
| 251|0x0000000098300000, 0x0000000098400000, 0x0000000098400000|100%| E|CS|TAMS 0x0000000098300000, 0x0000000098300000| Complete 
| 252|0x0000000098400000, 0x0000000098500000, 0x0000000098500000|100%| E|CS|TAMS 0x0000000098400000, 0x0000000098400000| Complete 
| 253|0x0000000098500000, 0x0000000098600000, 0x0000000098600000|100%| E|CS|TAMS 0x0000000098500000, 0x0000000098500000| Complete 
| 254|0x0000000098600000, 0x0000000098700000, 0x0000000098700000|100%| E|CS|TAMS 0x0000000098600000, 0x0000000098600000| Complete 
| 255|0x0000000098700000, 0x0000000098800000, 0x0000000098800000|100%| E|CS|TAMS 0x0000000098700000, 0x0000000098700000| Complete 
| 256|0x0000000098800000, 0x0000000098900000, 0x0000000098900000|100%| E|CS|TAMS 0x0000000098800000, 0x0000000098800000| Complete 
| 257|0x0000000098900000, 0x0000000098a00000, 0x0000000098a00000|100%| E|CS|TAMS 0x0000000098900000, 0x0000000098900000| Complete 
| 258|0x0000000098a00000, 0x0000000098b00000, 0x0000000098b00000|100%| E|CS|TAMS 0x0000000098a00000, 0x0000000098a00000| Complete 
| 259|0x0000000098b00000, 0x0000000098c00000, 0x0000000098c00000|100%| E|CS|TAMS 0x0000000098b00000, 0x0000000098b00000| Complete 
| 260|0x0000000098c00000, 0x0000000098d00000, 0x0000000098d00000|100%| E|CS|TAMS 0x0000000098c00000, 0x0000000098c00000| Complete 
| 261|0x0000000098d00000, 0x0000000098e00000, 0x0000000098e00000|100%| E|CS|TAMS 0x0000000098d00000, 0x0000000098d00000| Complete 
| 262|0x0000000098e00000, 0x0000000098f00000, 0x0000000098f00000|100%| E|CS|TAMS 0x0000000098e00000, 0x0000000098e00000| Complete 
| 263|0x0000000098f00000, 0x0000000099000000, 0x0000000099000000|100%| E|CS|TAMS 0x0000000098f00000, 0x0000000098f00000| Complete 
| 264|0x0000000099000000, 0x0000000099100000, 0x0000000099100000|100%| E|CS|TAMS 0x0000000099000000, 0x0000000099000000| Complete 
| 265|0x0000000099100000, 0x0000000099200000, 0x0000000099200000|100%| E|CS|TAMS 0x0000000099100000, 0x0000000099100000| Complete 
| 266|0x0000000099200000, 0x0000000099300000, 0x0000000099300000|100%| E|CS|TAMS 0x0000000099200000, 0x0000000099200000| Complete 
| 267|0x0000000099300000, 0x0000000099400000, 0x0000000099400000|100%| E|CS|TAMS 0x0000000099300000, 0x0000000099300000| Complete 
| 268|0x0000000099400000, 0x0000000099500000, 0x0000000099500000|100%| E|CS|TAMS 0x0000000099400000, 0x0000000099400000| Complete 
| 269|0x0000000099500000, 0x0000000099600000, 0x0000000099600000|100%| E|CS|TAMS 0x0000000099500000, 0x0000000099500000| Complete 
| 270|0x0000000099600000, 0x0000000099700000, 0x0000000099700000|100%| E|CS|TAMS 0x0000000099600000, 0x0000000099600000| Complete 
| 271|0x0000000099700000, 0x0000000099800000, 0x0000000099800000|100%| E|CS|TAMS 0x0000000099700000, 0x0000000099700000| Complete 
| 272|0x0000000099800000, 0x0000000099900000, 0x0000000099900000|100%| E|CS|TAMS 0x0000000099800000, 0x0000000099800000| Complete 
| 273|0x0000000099900000, 0x0000000099a00000, 0x0000000099a00000|100%| E|CS|TAMS 0x0000000099900000, 0x0000000099900000| Complete 
| 274|0x0000000099a00000, 0x0000000099b00000, 0x0000000099b00000|100%| E|CS|TAMS 0x0000000099a00000, 0x0000000099a00000| Complete 
| 275|0x0000000099b00000, 0x0000000099c00000, 0x0000000099c00000|100%| E|CS|TAMS 0x0000000099b00000, 0x0000000099b00000| Complete 
| 276|0x0000000099c00000, 0x0000000099d00000, 0x0000000099d00000|100%| E|CS|TAMS 0x0000000099c00000, 0x0000000099c00000| Complete 
| 277|0x0000000099d00000, 0x0000000099e00000, 0x0000000099e00000|100%| E|CS|TAMS 0x0000000099d00000, 0x0000000099d00000| Complete 
| 278|0x0000000099e00000, 0x0000000099f00000, 0x0000000099f00000|100%| E|CS|TAMS 0x0000000099e00000, 0x0000000099e00000| Complete 

Card table byte_map: [0x000001c7f6cd0000,0x000001c7f7090000] _byte_map_base: 0x000001c7f688c000

Marking Bits (Prev, Next): (CMBitMap*) 0x000001c7dd941590, (CMBitMap*) 0x000001c7dd9415d0
 Prev Bits: [0x000001c7f7450000, 0x000001c7f9230000)
 Next Bits: [0x000001c7f9230000, 0x000001c7fb010000)

Polling page: 0x000001c7dd6d0000

Metaspace:

Usage:
  Non-class:     11.50 MB capacity,    11.33 MB ( 98%) used,   163.82 KB (  1%) free+waste,    18.00 KB ( <1%) overhead. 
      Class:      1.57 MB capacity,     1.48 MB ( 94%) used,    83.30 KB (  5%) free+waste,     7.63 KB ( <1%) overhead. 
       Both:     13.07 MB capacity,    12.80 MB ( 98%) used,   247.12 KB (  2%) free+waste,    25.63 KB ( <1%) overhead. 

Virtual space:
  Non-class space:       12.00 MB reserved,      11.75 MB ( 98%) committed 
      Class space:        1.00 GB reserved,       1.63 MB ( <1%) committed 
             Both:        1.01 GB reserved,      13.38 MB (  1%) committed 

Chunk freelists:
   Non-Class:  59.00 KB
       Class:  29.00 KB
        Both:  88.00 KB

MaxMetaspaceSize: 17179869184.00 GB
CompressedClassSpaceSize: 1.00 GB

CodeHeap 'non-profiled nmethods': size=120000Kb used=1582Kb max_used=1582Kb free=118417Kb
 bounds [0x000001c7eedc0000, 0x000001c7ef030000, 0x000001c7f62f0000]
CodeHeap 'profiled nmethods': size=120000Kb used=4430Kb max_used=4430Kb free=115569Kb
 bounds [0x000001c7e7890000, 0x000001c7e7cf0000, 0x000001c7eedc0000]
CodeHeap 'non-nmethods': size=5760Kb used=1299Kb max_used=1355Kb free=4460Kb
 bounds [0x000001c7e72f0000, 0x000001c7e7560000, 0x000001c7e7890000]
 total_blobs=2946 nmethods=2351 adapters=508
 compilation: enabled
              stopped_count=0, restarted_count=0
 full_count=0

Compilation events (20 events):
Event: 21.803 Thread 0x000001c7ffb6dd80 nmethod 2344 0x000001c7eef42790 code [0x000001c7eef42980, 0x000001c7eef42fd0]
Event: 21.804 Thread 0x000001c7ffb6dd80 2346       4       com.mysql.cj.result.OffsetTimeValueFactory::<init> (11 bytes)
Event: 21.817 Thread 0x000001c7fd629a30 nmethod 2345 0x000001c7eef43510 code [0x000001c7eef43700, 0x000001c7eef43bb0]
Event: 21.817 Thread 0x000001c7fd629a30 2347       4       com.mysql.cj.result.OffsetDateTimeValueFactory::<init> (16 bytes)
Event: 21.827 Thread 0x000001c7ffb6dd80 nmethod 2346 0x000001c7eef44010 code [0x000001c7eef44200, 0x000001c7eef44850]
Event: 21.827 Thread 0x000001c7ffb6dd80 2348       4       com.mysql.cj.result.ZonedDateTimeValueFactory::<init> (16 bytes)
Event: 21.844 Thread 0x000001c7fd629a30 nmethod 2347 0x000001c7eef44d90 code [0x000001c7eef44f80, 0x000001c7eef45710]
Event: 21.844 Thread 0x000001c7fd629a30 2349       4       com.mysql.cj.NativeSession::getProtocol (8 bytes)
Event: 21.845 Thread 0x000001c7fd629a30 nmethod 2349 0x000001c7eef45c90 code [0x000001c7eef45e20, 0x000001c7eef45eb8]
Event: 21.851 Thread 0x000001c7ffb6dd80 nmethod 2348 0x000001c7eef45f90 code [0x000001c7eef46180, 0x000001c7eef46910]
Event: 22.198 Thread 0x000001c7ffb6dd80 2350       4       com.mysql.cj.jdbc.ConnectionImpl::getSession (5 bytes)
Event: 22.199 Thread 0x000001c7ffb6dd80 nmethod 2350 0x000001c7eef46e90 code [0x000001c7eef47000, 0x000001c7eef47078]
Event: 22.445 Thread 0x000001c7ffb6dd80 2351       4       java.util.GregorianCalendar::computeFields (1585 bytes)
Event: 22.445 Thread 0x000001c7fd629a30 2352       4       com.mysql.cj.result.SqlTimestampValueFactory::<init> (36 bytes)
Event: 22.472 Thread 0x000001c7fd629a30 nmethod 2352 0x000001c7eef47190 code [0x000001c7eef47380, 0x000001c7eef47bd0]
Event: 22.472 Thread 0x000001c7fd629a30 2353   !   4       com.mysql.cj.jdbc.result.ResultSetImpl::initializeWithMetadata (236 bytes)
Event: 22.485 Thread 0x000001c7fd629a30 nmethod 2353 0x000001c7eef48190 code [0x000001c7eef48340, 0x000001c7eef48938]
Event: 22.485 Thread 0x000001c7fd629a30 2354       4       com.mysql.cj.protocol.a.result.NativeResultset::initRowsWithMetadata (37 bytes)
Event: 22.493 Thread 0x000001c7fd629a30 nmethod 2354 0x000001c7eef48c90 code [0x000001c7eef48e20, 0x000001c7eef490f8]
Event: 22.505 Thread 0x000001c7ffb6dd80 nmethod 2351 0x000001c7eef49290 code [0x000001c7eef49480, 0x000001c7eef4a648]

GC Heap History (20 events):
Event: 13.364 GC heap before
{Heap before GC invocations=5 (full 0):
 garbage-first heap   total 122880K, used 76288K [0x0000000088800000, 0x0000000100000000)
  region size 1024K, 27 young (27648K), 3 survivors (3072K)
 Metaspace       used 13111K, capacity 13384K, committed 13696K, reserved 1060864K
  class space    used 1512K, capacity 1603K, committed 1664K, reserved 1048576K
}
Event: 13.386 GC heap after
{Heap after GC invocations=6 (full 0):
 garbage-first heap   total 182272K, used 61237K [0x0000000088800000, 0x0000000100000000)
  region size 1024K, 4 young (4096K), 4 survivors (4096K)
 Metaspace       used 13111K, capacity 13384K, committed 13696K, reserved 1060864K
  class space    used 1512K, capacity 1603K, committed 1664K, reserved 1048576K
}
Event: 14.894 GC heap before
{Heap before GC invocations=6 (full 0):
 garbage-first heap   total 182272K, used 104245K [0x0000000088800000, 0x0000000100000000)
  region size 1024K, 46 young (47104K), 4 survivors (4096K)
 Metaspace       used 13111K, capacity 13384K, committed 13696K, reserved 1060864K
  class space    used 1512K, capacity 1603K, committed 1664K, reserved 1048576K
}
Event: 14.941 GC heap after
{Heap after GC invocations=7 (full 0):
 garbage-first heap   total 182272K, used 75776K [0x0000000088800000, 0x0000000100000000)
  region size 1024K, 6 young (6144K), 6 survivors (6144K)
 Metaspace       used 13111K, capacity 13384K, committed 13696K, reserved 1060864K
  class space    used 1512K, capacity 1603K, committed 1664K, reserved 1048576K
}
Event: 16.208 GC heap before
{Heap before GC invocations=7 (full 0):
 garbage-first heap   total 182272K, used 119808K [0x0000000088800000, 0x0000000100000000)
  region size 1024K, 49 young (50176K), 6 survivors (6144K)
 Metaspace       used 13111K, capacity 13384K, committed 13696K, reserved 1060864K
  class space    used 1512K, capacity 1603K, committed 1664K, reserved 1048576K
}
Event: 16.248 GC heap after
{Heap after GC invocations=8 (full 0):
 garbage-first heap   total 182272K, used 89600K [0x0000000088800000, 0x0000000100000000)
  region size 1024K, 7 young (7168K), 7 survivors (7168K)
 Metaspace       used 13111K, capacity 13384K, committed 13696K, reserved 1060864K
  class space    used 1512K, capacity 1603K, committed 1664K, reserved 1048576K
}
Event: 17.313 GC heap before
{Heap before GC invocations=8 (full 0):
 garbage-first heap   total 182272K, used 128512K [0x0000000088800000, 0x0000000100000000)
  region size 1024K, 45 young (46080K), 7 survivors (7168K)
 Metaspace       used 13111K, capacity 13384K, committed 13696K, reserved 1060864K
  class space    used 1512K, capacity 1603K, committed 1664K, reserved 1048576K
}
Event: 17.340 GC heap after
{Heap after GC invocations=9 (full 0):
 garbage-first heap   total 182272K, used 101376K [0x0000000088800000, 0x0000000100000000)
  region size 1024K, 6 young (6144K), 6 survivors (6144K)
 Metaspace       used 13111K, capacity 13384K, committed 13696K, reserved 1060864K
  class space    used 1512K, capacity 1603K, committed 1664K, reserved 1048576K
}
Event: 18.061 GC heap before
{Heap before GC invocations=10 (full 0):
 garbage-first heap   total 193536K, used 135168K [0x0000000088800000, 0x0000000100000000)
  region size 1024K, 39 young (39936K), 6 survivors (6144K)
 Metaspace       used 13111K, capacity 13384K, committed 13696K, reserved 1060864K
  class space    used 1512K, capacity 1603K, committed 1664K, reserved 1048576K
}
Event: 18.097 GC heap after
{Heap after GC invocations=11 (full 0):
 garbage-first heap   total 193536K, used 111104K [0x0000000088800000, 0x0000000100000000)
  region size 1024K, 5 young (5120K), 5 survivors (5120K)
 Metaspace       used 13111K, capacity 13384K, committed 13696K, reserved 1060864K
  class space    used 1512K, capacity 1603K, committed 1664K, reserved 1048576K
}
Event: 18.895 GC heap before
{Heap before GC invocations=11 (full 0):
 garbage-first heap   total 193536K, used 145920K [0x0000000088800000, 0x0000000100000000)
  region size 1024K, 39 young (39936K), 5 survivors (5120K)
 Metaspace       used 13111K, capacity 13384K, committed 13696K, reserved 1060864K
  class space    used 1512K, capacity 1603K, committed 1664K, reserved 1048576K
}
Event: 18.925 GC heap after
{Heap after GC invocations=12 (full 0):
 garbage-first heap   total 232448K, used 120315K [0x0000000088800000, 0x0000000100000000)
  region size 1024K, 5 young (5120K), 5 survivors (5120K)
 Metaspace       used 13111K, capacity 13384K, committed 13696K, reserved 1060864K
  class space    used 1512K, capacity 1603K, committed 1664K, reserved 1048576K
}
Event: 19.913 GC heap before
{Heap before GC invocations=13 (full 0):
 garbage-first heap   total 234496K, used 170491K [0x0000000088800000, 0x0000000100000000)
  region size 1024K, 54 young (55296K), 5 survivors (5120K)
 Metaspace       used 13111K, capacity 13384K, committed 13696K, reserved 1060864K
  class space    used 1512K, capacity 1603K, committed 1664K, reserved 1048576K
}
Event: 19.947 GC heap after
{Heap after GC invocations=14 (full 0):
 garbage-first heap   total 234496K, used 132536K [0x0000000088800000, 0x0000000100000000)
  region size 1024K, 7 young (7168K), 7 survivors (7168K)
 Metaspace       used 13111K, capacity 13384K, committed 13696K, reserved 1060864K
  class space    used 1512K, capacity 1603K, committed 1664K, reserved 1048576K
}
Event: 20.719 GC heap before
{Heap before GC invocations=14 (full 0):
 garbage-first heap   total 234496K, used 178616K [0x0000000088800000, 0x0000000100000000)
  region size 1024K, 52 young (53248K), 7 survivors (7168K)
 Metaspace       used 13111K, capacity 13384K, committed 13696K, reserved 1060864K
  class space    used 1512K, capacity 1603K, committed 1664K, reserved 1048576K
}
Event: 20.742 GC heap after
{Heap after GC invocations=15 (full 0):
 garbage-first heap   total 234496K, used 143255K [0x0000000088800000, 0x0000000100000000)
  region size 1024K, 7 young (7168K), 7 survivors (7168K)
 Metaspace       used 13111K, capacity 13384K, committed 13696K, reserved 1060864K
  class space    used 1512K, capacity 1603K, committed 1664K, reserved 1048576K
}
Event: 21.494 GC heap before
{Heap before GC invocations=16 (full 0):
 garbage-first heap   total 285696K, used 184215K [0x0000000088800000, 0x0000000100000000)
  region size 1024K, 47 young (48128K), 7 survivors (7168K)
 Metaspace       used 13111K, capacity 13384K, committed 13696K, reserved 1060864K
  class space    used 1512K, capacity 1603K, committed 1664K, reserved 1048576K
}
Event: 21.532 GC heap after
{Heap after GC invocations=17 (full 0):
 garbage-first heap   total 285696K, used 152034K [0x0000000088800000, 0x0000000100000000)
  region size 1024K, 6 young (6144K), 6 survivors (6144K)
 Metaspace       used 13111K, capacity 13384K, committed 13696K, reserved 1060864K
  class space    used 1512K, capacity 1603K, committed 1664K, reserved 1048576K
}
Event: 22.724 GC heap before
{Heap before GC invocations=17 (full 0):
 garbage-first heap   total 285696K, used 216546K [0x0000000088800000, 0x0000000100000000)
  region size 1024K, 69 young (70656K), 6 survivors (6144K)
 Metaspace       used 13111K, capacity 13384K, committed 13696K, reserved 1060864K
  class space    used 1512K, capacity 1603K, committed 1664K, reserved 1048576K
}
Event: 22.761 GC heap after
{Heap after GC invocations=18 (full 0):
 garbage-first heap   total 285696K, used 165338K [0x0000000088800000, 0x0000000100000000)
  region size 1024K, 9 young (9216K), 9 survivors (9216K)
 Metaspace       used 13111K, capacity 13384K, committed 13696K, reserved 1060864K
  class space    used 1512K, capacity 1603K, committed 1664K, reserved 1048576K
}

Deoptimization events (20 events):
Event: 6.882 Thread 0x000001c7fec77330 DEOPT PACKING pc=0x000001c7e7b46ed0 sp=0x000000c68bafcf00
Event: 6.882 Thread 0x000001c7fec77330 DEOPT UNPACKING pc=0x000001c7e733df3f sp=0x000000c68bafc3a0 mode 0
Event: 7.024 Thread 0x000001c7fec77330 DEOPT PACKING pc=0x000001c7e7b46ed0 sp=0x000000c68bafd510
Event: 7.024 Thread 0x000001c7fec77330 DEOPT UNPACKING pc=0x000001c7e733df3f sp=0x000000c68bafc998 mode 0
Event: 7.209 Thread 0x000001c7fec77330 DEOPT PACKING pc=0x000001c7e7b46ed0 sp=0x000000c68bafd830
Event: 7.209 Thread 0x000001c7fec77330 DEOPT UNPACKING pc=0x000001c7e733df3f sp=0x000000c68bafccb8 mode 0
Event: 7.554 Thread 0x000001c7fec77330 DEOPT PACKING pc=0x000001c7e7acba2a sp=0x000000c68bafd840
Event: 7.554 Thread 0x000001c7fec77330 DEOPT UNPACKING pc=0x000001c7e733df3f sp=0x000000c68bafcdd0 mode 0
Event: 7.768 Thread 0x000001c7fec77330 DEOPT PACKING pc=0x000001c7e7bc54b9 sp=0x000000c68bafd900
Event: 7.768 Thread 0x000001c7fec77330 DEOPT UNPACKING pc=0x000001c7e733df3f sp=0x000000c68bafcd90 mode 0
Event: 14.089 Thread 0x000001c7fec77330 DEOPT PACKING pc=0x000001c7e7cd9608 sp=0x000000c68bafdad0
Event: 14.089 Thread 0x000001c7fec77330 DEOPT UNPACKING pc=0x000001c7e733df3f sp=0x000000c68bafd070 mode 0
Event: 14.735 Thread 0x000001c7fec77330 DEOPT PACKING pc=0x000001c7e7ce1d5b sp=0x000000c68bafdae0
Event: 14.735 Thread 0x000001c7fec77330 DEOPT UNPACKING pc=0x000001c7e733df3f sp=0x000000c68bafd070 mode 0
Event: 15.367 Thread 0x000001c7fec77330 DEOPT PACKING pc=0x000001c7e7ce1d5b sp=0x000000c68bafdae0
Event: 15.368 Thread 0x000001c7fec77330 DEOPT UNPACKING pc=0x000001c7e733df3f sp=0x000000c68bafd070 mode 0
Event: 15.864 Thread 0x000001c7fec77330 DEOPT PACKING pc=0x000001c7e7ce1d5b sp=0x000000c68bafdae0
Event: 15.864 Thread 0x000001c7fec77330 DEOPT UNPACKING pc=0x000001c7e733df3f sp=0x000000c68bafd070 mode 0
Event: 16.477 Thread 0x000001c7fec77330 DEOPT PACKING pc=0x000001c7e7cd9608 sp=0x000000c68bafdad0
Event: 16.477 Thread 0x000001c7fec77330 DEOPT UNPACKING pc=0x000001c7e733df3f sp=0x000000c68bafd070 mode 0

Classes unloaded (0 events):
No events

Classes redefined (0 events):
No events

Internal exceptions (20 events):
Event: 0.461 Thread 0x000001c7dd9020c0 Exception <a 'sun/nio/fs/WindowsException'{0x000000008fe0c320}> (0x000000008fe0c320) 
thrown [./open/src/hotspot/share/prims/jni.cpp, line 578]
Event: 1.143 Thread 0x000001c7dd9020c0 Exception <a 'java/lang/NoSuchMethodError'{0x000000008f8faa78}: 'java.lang.Object java.lang.invoke.DirectMethodHandle$Holder.invokeStatic(java.lang.Object)'> (0x000000008f8faa78) 
thrown [./open/src/hotspot/share/interpreter/linkResolver.cpp, line 782]
Event: 1.178 Thread 0x000001c7dd9020c0 Exception <a 'java/lang/NoSuchMethodError'{0x000000008f8fe388}: 'java.lang.Object java.lang.invoke.DirectMethodHandle$Holder.invokeStaticInit(java.lang.Object)'> (0x000000008f8fe388) 
thrown [./open/src/hotspot/share/interpreter/linkResolver.cpp, line 782]
Event: 1.184 Thread 0x000001c7dd9020c0 Exception <a 'java/lang/NoSuchMethodError'{0x000000008f747fa0}: 'void java.lang.invoke.DirectMethodHandle$Holder.invokeStatic(java.lang.Object, java.lang.Object)'> (0x000000008f747fa0) 
thrown [./open/src/hotspot/share/interpreter/linkResolver.cpp, line 782]
Event: 2.149 Thread 0x000001c7dd9020c0 Exception <a 'java/lang/NoSuchMethodError'{0x000000008f44aec0}: 'void java.lang.invoke.DirectMethodHandle$Holder.invokeSpecial(java.lang.Object, java.lang.Object, java.lang.Object)'> (0x000000008f44aec0) 
thrown [./open/src/hotspot/share/interpreter/linkResolver.cpp, line 782]
Event: 2.192 Thread 0x000001c7dd9020c0 Exception <a 'java/lang/NoSuchMethodError'{0x000000008f4827c8}: 'void java.lang.invoke.DirectMethodHandle$Holder.invokeStatic(java.lang.Object, java.lang.Object, java.lang.Object)'> (0x000000008f4827c8) 
thrown [./open/src/hotspot/share/interpreter/linkResolver.cpp, line 782]
Event: 2.407 Thread 0x000001c7dd9020c0 Exception <a 'java/lang/NoSuchMethodError'{0x000000008f49efa0}: 'int java.lang.invoke.DirectMethodHandle$Holder.invokeStaticInit(java.lang.Object, java.lang.Object, java.lang.Object)'> (0x000000008f49efa0) 
thrown [./open/src/hotspot/share/interpreter/linkResolver.cpp, line 782]
Event: 2.502 Thread 0x000001c7dd9020c0 Exception <a 'java/lang/NoSuchMethodError'{0x000000008f3d0620}: 'java.lang.Object java.lang.invoke.DirectMethodHandle$Holder.newInvokeSpecial(java.lang.Object, java.lang.Object, int, java.lang.Object)'> (0x000000008f3d0620) 
thrown [./open/src/hotspot/share/interpreter/linkResolver.cpp, line 782]
Event: 2.504 Thread 0x000001c7dd9020c0 Exception <a 'java/lang/NoSuchMethodError'{0x000000008f3d4b08}: 'java.lang.Object java.lang.invoke.DirectMethodHandle$Holder.invokeSpecial(java.lang.Object, java.lang.Object, java.lang.Object, int, java.lang.Object)'> (0x000000008f3d4b08) 
thrown [./open/src/hotspot/share/interpreter/linkResolver.cpp, line 782]
Event: 3.712 Thread 0x000001c7fec77330 Exception <a 'java/lang/NoSuchMethodError'{0x000000008fd4cb58}: 'void java.lang.invoke.DirectMethodHandle$Holder.invokeStaticInit(java.lang.Object)'> (0x000000008fd4cb58) 
thrown [./open/src/hotspot/share/interpreter/linkResolver.cpp, line 782]
Event: 3.726 Thread 0x000001c7dd9020c0 Exception <a 'java/lang/NoSuchMethodError'{0x000000008fdae1d0}: 'java.lang.Object java.lang.invoke.DirectMethodHandle$Holder.newInvokeSpecial(java.lang.Object, java.lang.Object, java.lang.Object, java.lang.Object, java.lang.Object, java.lang.Object)'> (0x000000008fdae1d0) 
thrown [./open/src/hotspot/share/interpreter/linkResolver.cpp, line 782]
Event: 3.744 Thread 0x000001c7dd9020c0 Exception <a 'java/lang/NoSuchMethodError'{0x000000008fdddf78}: 'java.lang.Object java.lang.invoke.DirectMethodHandle$Holder.newInvokeSpecial(java.lang.Object, java.lang.Object, java.lang.Object, java.lang.Object, java.lang.Object)'> (0x000000008fdddf78) 
thrown [./open/src/hotspot/share/interpreter/linkResolver.cpp, line 782]
Event: 3.777 Thread 0x000001c7ffaadd10 Exception <a 'java/lang/NoSuchMethodError'{0x000000008fc04678}: 'void java.lang.invoke.DirectMethodHandle$Holder.invokeStatic(java.lang.Object, java.lang.Object, java.lang.Object, java.lang.Object)'> (0x000000008fc04678) 
thrown [./open/src/hotspot/share/interpreter/linkResolver.cpp, line 782]
Event: 4.011 Thread 0x000001c7fec77330 Exception <a 'java/lang/NoSuchMethodError'{0x000000008f8d4f00}: 'java.lang.Object java.lang.invoke.DirectMethodHandle$Holder.invokeStaticInit(java.lang.Object, java.lang.Object, java.lang.Object, java.lang.Object)'> (0x000000008f8d4f00) 
thrown [./open/src/hotspot/share/interpreter/linkResolver.cpp, line 782]
Event: 4.020 Thread 0x000001c7fec77330 Exception <a 'java/lang/NullPointerException'{0x000000008f8e3338}> (0x000000008f8e3338) 
thrown [./open/src/hotspot/share/interpreter/linkResolver.cpp, line 1374]
Event: 4.036 Thread 0x000001c7fec77330 Exception <a 'java/lang/NoSuchMethodError'{0x000000008f707b58}: 'void java.lang.invoke.DirectMethodHandle$Holder.invokeSpecial(java.lang.Object, java.lang.Object, java.lang.Object, java.lang.Object, java.lang.Object)'> (0x000000008f707b58) 
thrown [./open/src/hotspot/share/interpreter/linkResolver.cpp, line 782]
Event: 4.602 Thread 0x000001c7fec77330 Exception <a 'java/lang/NoSuchMethodError'{0x000000008ff06f08}: 'void java.lang.invoke.DirectMethodHandle$Holder.invokeStaticInit(java.lang.Object, java.lang.Object)'> (0x000000008ff06f08) 
thrown [./open/src/hotspot/share/interpreter/linkResolver.cpp, line 782]
Event: 5.073 Thread 0x000001c7fec77330 Exception <a 'java/lang/NoSuchMethodError'{0x000000008fc45870}: 'java.lang.Object java.lang.invoke.DirectMethodHandle$Holder.invokeInterface(java.lang.Object, java.lang.Object)'> (0x000000008fc45870) 
thrown [./open/src/hotspot/share/interpreter/linkResolver.cpp, line 782]
Event: 5.239 Thread 0x000001c7fec77330 Exception <a 'java/lang/NoSuchMethodError'{0x000000008fb3bf20}: 'java.lang.Object java.lang.invoke.DirectMethodHandle$Holder.invokeVirtual(java.lang.Object, java.lang.Object, java.lang.Object)'> (0x000000008fb3bf20) 
thrown [./open/src/hotspot/share/interpreter/linkResolver.cpp, line 782]
Event: 6.845 Thread 0x000001c7fec77330 Exception <a 'java/lang/NoSuchMethodError'{0x000000008f390aa8}: 'java.lang.Object java.lang.invoke.DirectMethodHandle$Holder.invokeStatic(java.lang.Object, int, java.lang.Object)'> (0x000000008f390aa8) 
thrown [./open/src/hotspot/share/interpreter/linkResolver.cpp, line 782]

Events (20 events):
Event: 19.292 Executing VM operation: G1Concurrent done
Event: 19.506 Executing VM operation: G1Concurrent
Event: 19.506 Executing VM operation: G1Concurrent done
Event: 19.913 Executing VM operation: G1CollectForAllocation
Event: 19.947 Executing VM operation: G1CollectForAllocation done
Event: 20.607 Thread 0x000001c7ffb6c430 Thread exited: 0x000001c7ffb6c430
Event: 20.719 Executing VM operation: G1CollectForAllocation
Event: 20.742 Executing VM operation: G1CollectForAllocation done
Event: 21.068 Thread 0x000001c7ffb6dd80 Thread added: 0x000001c7ffb6dd80
Event: 21.163 Executing VM operation: G1Concurrent
Event: 21.166 Executing VM operation: G1Concurrent done
Event: 21.292 Executing VM operation: HandshakeAllThreads
Event: 21.292 Executing VM operation: HandshakeAllThreads done
Event: 21.439 Executing VM operation: G1Concurrent
Event: 21.440 Executing VM operation: G1Concurrent done
Event: 21.494 Executing VM operation: G1CollectForAllocation
Event: 21.532 Executing VM operation: G1CollectForAllocation done
Event: 22.724 Executing VM operation: G1CollectForAllocation
Event: 22.761 Executing VM operation: G1CollectForAllocation done
Event: 23.271 Executing VM operation: G1Concurrent


Dynamic libraries:
0x00007ff764d50000 - 0x00007ff764d5f000 	C:\Program Files\Java\jdk-15.0.2\bin\java.exe
0x00007ff8944c0000 - 0x00007ff8946b0000 	C:\WINDOWS\SYSTEM32\ntdll.dll
0x00007ff8930f0000 - 0x00007ff8931a2000 	C:\WINDOWS\System32\KERNEL32.DLL
0x00007ff891930000 - 0x00007ff891bd5000 	C:\WINDOWS\System32\KERNELBASE.dll
0x00007ff891be0000 - 0x00007ff891cda000 	C:\WINDOWS\System32\ucrtbase.dll
0x00007ff88ec50000 - 0x00007ff88ec68000 	C:\Program Files\Java\jdk-15.0.2\bin\jli.dll
0x00007ff892e30000 - 0x00007ff892ed3000 	C:\WINDOWS\System32\ADVAPI32.dll
0x00007ff8936f0000 - 0x00007ff89378e000 	C:\WINDOWS\System32\msvcrt.dll
0x00007ff892b70000 - 0x00007ff892c07000 	C:\WINDOWS\System32\sechost.dll
0x00007ff894310000 - 0x00007ff89442f000 	C:\WINDOWS\System32\RPCRT4.dll
0x00007ff8926c0000 - 0x00007ff892854000 	C:\WINDOWS\System32\USER32.dll
0x00007ff892540000 - 0x00007ff892561000 	C:\WINDOWS\System32\win32u.dll
0x00007ff894450000 - 0x00007ff894476000 	C:\WINDOWS\System32\GDI32.dll
0x00007ff891590000 - 0x00007ff891728000 	C:\WINDOWS\System32\gdi32full.dll
0x00007ff891890000 - 0x00007ff89192e000 	C:\WINDOWS\System32\msvcp_win.dll
0x00007ff88ec30000 - 0x00007ff88ec49000 	C:\Program Files\Java\jdk-15.0.2\bin\VCRUNTIME140.dll
0x00007ff887240000 - 0x00007ff8874c4000 	C:\WINDOWS\WinSxS\amd64_microsoft.windows.common-controls_6595b64144ccf1df_6.0.18362.1556_none_9e7e372fe45e41d5\COMCTL32.dll
0x00007ff8937f0000 - 0x00007ff893b26000 	C:\WINDOWS\System32\combase.dll
0x00007ff8924b0000 - 0x00007ff892531000 	C:\WINDOWS\System32\bcryptPrimitives.dll
0x00007ff88fc00000 - 0x00007ff88fc0a000 	C:\WINDOWS\SYSTEM32\VERSION.dll
0x00007ff892860000 - 0x00007ff89288e000 	C:\WINDOWS\System32\IMM32.DLL
0x00007ff88ec20000 - 0x00007ff88ec2c000 	C:\Program Files\Java\jdk-15.0.2\bin\vcruntime140_1.dll
0x00007ff88e970000 - 0x00007ff88ea01000 	C:\Program Files\Java\jdk-15.0.2\bin\msvcp140.dll
0x00007ff840480000 - 0x00007ff840fde000 	C:\Program Files\Java\jdk-15.0.2\bin\server\jvm.dll
0x00007ff892570000 - 0x00007ff892578000 	C:\WINDOWS\System32\PSAPI.DLL
0x00007ff87ef50000 - 0x00007ff87ef59000 	C:\WINDOWS\SYSTEM32\WSOCK32.dll
0x00007ff8931b0000 - 0x00007ff89321f000 	C:\WINDOWS\System32\WS2_32.dll
0x00007ff88ecf0000 - 0x00007ff88ed14000 	C:\WINDOWS\SYSTEM32\WINMM.dll
0x00007ff88ecc0000 - 0x00007ff88eced000 	C:\WINDOWS\SYSTEM32\WINMMBASE.dll
0x00007ff891ce0000 - 0x00007ff891d2a000 	C:\WINDOWS\System32\cfgmgr32.dll
0x00007ff8913a0000 - 0x00007ff8913b1000 	C:\WINDOWS\System32\kernel.appcore.dll
0x00007ff88ec10000 - 0x00007ff88ec1a000 	C:\Program Files\Java\jdk-15.0.2\bin\jimage.dll
0x00007ff88fd10000 - 0x00007ff88ff04000 	C:\WINDOWS\SYSTEM32\DBGHELP.DLL
0x00007ff88ec90000 - 0x00007ff88ecba000 	C:\WINDOWS\SYSTEM32\dbgcore.DLL
0x00007ff88ec00000 - 0x00007ff88ec0e000 	C:\Program Files\Java\jdk-15.0.2\bin\instrument.dll
0x00007ff88ebd0000 - 0x00007ff88ebf5000 	C:\Program Files\Java\jdk-15.0.2\bin\java.dll
0x00007ff893bc0000 - 0x00007ff8942a7000 	C:\WINDOWS\System32\SHELL32.dll
0x00007ff892910000 - 0x00007ff8929b8000 	C:\WINDOWS\System32\shcore.dll
0x00007ff891d30000 - 0x00007ff8924ab000 	C:\WINDOWS\System32\windows.storage.dll
0x00007ff8913c0000 - 0x00007ff8913de000 	C:\WINDOWS\System32\profapi.dll
0x00007ff8913e0000 - 0x00007ff89142a000 	C:\WINDOWS\System32\powrprof.dll
0x00007ff891370000 - 0x00007ff891380000 	C:\WINDOWS\System32\UMPDC.dll
0x00007ff893790000 - 0x00007ff8937e2000 	C:\WINDOWS\System32\shlwapi.dll
0x00007ff891430000 - 0x00007ff891447000 	C:\WINDOWS\System32\cryptsp.dll
0x00007ff88ebb0000 - 0x00007ff88ebc9000 	C:\Program Files\Java\jdk-15.0.2\bin\net.dll
0x00007ff884bd0000 - 0x00007ff884cca000 	C:\WINDOWS\SYSTEM32\WINHTTP.dll
0x00007ff890b50000 - 0x00007ff890bb7000 	C:\WINDOWS\system32\mswsock.dll
0x00007ff88eb90000 - 0x00007ff88eba2000 	C:\Program Files\Java\jdk-15.0.2\bin\nio.dll
0x00007ff88e950000 - 0x00007ff88e968000 	C:\Program Files\Java\jdk-15.0.2\bin\zip.dll
0x00007ff88e8b0000 - 0x00007ff88e8ca000 	C:\Program Files\JetBrains\IntelliJ IDEA Community Edition 2020.3.2\bin\breakgen64.dll
0x000001c7ffe20000 - 0x000001c7ffe23000 	C:\Program Files\Java\javafx-sdk-16\bin\api-ms-win-core-console-l1-1-0.dll
0x000001c7ffb80000 - 0x000001c7ffb83000 	C:\Program Files\Java\javafx-sdk-16\bin\api-ms-win-core-console-l1-2-0.dll
0x000001c7ffb90000 - 0x000001c7ffb93000 	C:\Program Files\Java\javafx-sdk-16\bin\api-ms-win-core-datetime-l1-1-0.dll
0x000001c7ffba0000 - 0x000001c7ffba3000 	C:\Program Files\Java\javafx-sdk-16\bin\api-ms-win-core-debug-l1-1-0.dll
0x000001c7ffbb0000 - 0x000001c7ffbb3000 	C:\Program Files\Java\javafx-sdk-16\bin\api-ms-win-core-errorhandling-l1-1-0.dll
0x000001c7ffbc0000 - 0x000001c7ffbc4000 	C:\Program Files\Java\javafx-sdk-16\bin\api-ms-win-core-file-l1-1-0.dll
0x000001c7ffbd0000 - 0x000001c7ffbd3000 	C:\Program Files\Java\javafx-sdk-16\bin\api-ms-win-core-file-l1-2-0.dll
0x000001c7ffbe0000 - 0x000001c7ffbe3000 	C:\Program Files\Java\javafx-sdk-16\bin\api-ms-win-core-file-l2-1-0.dll
0x000001c7ffbf0000 - 0x000001c7ffbf3000 	C:\Program Files\Java\javafx-sdk-16\bin\api-ms-win-core-handle-l1-1-0.dll
0x000001c7ffc00000 - 0x000001c7ffc03000 	C:\Program Files\Java\javafx-sdk-16\bin\api-ms-win-core-heap-l1-1-0.dll
0x000001c7ffc10000 - 0x000001c7ffc13000 	C:\Program Files\Java\javafx-sdk-16\bin\api-ms-win-core-interlocked-l1-1-0.dll
0x000001c7ffc20000 - 0x000001c7ffc23000 	C:\Program Files\Java\javafx-sdk-16\bin\api-ms-win-core-libraryloader-l1-1-0.dll
0x000001c7ffc30000 - 0x000001c7ffc33000 	C:\Program Files\Java\javafx-sdk-16\bin\api-ms-win-core-localization-l1-2-0.dll
0x000001c7ffc40000 - 0x000001c7ffc43000 	C:\Program Files\Java\javafx-sdk-16\bin\api-ms-win-core-memory-l1-1-0.dll
0x000001c7ffc50000 - 0x000001c7ffc53000 	C:\Program Files\Java\javafx-sdk-16\bin\api-ms-win-core-namedpipe-l1-1-0.dll
0x000001c7ffc60000 - 0x000001c7ffc63000 	C:\Program Files\Java\javafx-sdk-16\bin\api-ms-win-core-processenvironment-l1-1-0.dll
0x000001c7ffc70000 - 0x000001c7ffc73000 	C:\Program Files\Java\javafx-sdk-16\bin\api-ms-win-core-processthreads-l1-1-0.dll
0x000001c7ffc80000 - 0x000001c7ffc83000 	C:\Program Files\Java\javafx-sdk-16\bin\api-ms-win-core-processthreads-l1-1-1.dll
0x000001c7ffc90000 - 0x000001c7ffc93000 	C:\Program Files\Java\javafx-sdk-16\bin\api-ms-win-core-profile-l1-1-0.dll
0x000001c7ffca0000 - 0x000001c7ffca3000 	C:\Program Files\Java\javafx-sdk-16\bin\api-ms-win-core-rtlsupport-l1-1-0.dll
0x000001c7ffcb0000 - 0x000001c7ffcb3000 	C:\Program Files\Java\javafx-sdk-16\bin\api-ms-win-core-string-l1-1-0.dll
0x000001c7ffcc0000 - 0x000001c7ffcc3000 	C:\Program Files\Java\javafx-sdk-16\bin\api-ms-win-core-synch-l1-1-0.dll
0x000001c7ffcd0000 - 0x000001c7ffcd3000 	C:\Program Files\Java\javafx-sdk-16\bin\api-ms-win-core-synch-l1-2-0.dll
0x000001c7ffce0000 - 0x000001c7ffce3000 	C:\Program Files\Java\javafx-sdk-16\bin\api-ms-win-core-sysinfo-l1-1-0.dll
0x000001c7ffcf0000 - 0x000001c7ffcf3000 	C:\Program Files\Java\javafx-sdk-16\bin\api-ms-win-core-timezone-l1-1-0.dll
0x000001c7ffd00000 - 0x000001c7ffd03000 	C:\Program Files\Java\javafx-sdk-16\bin\api-ms-win-core-util-l1-1-0.dll
0x000001c7ffd10000 - 0x000001c7ffd13000 	C:\Program Files\Java\javafx-sdk-16\bin\api-ms-win-crt-conio-l1-1-0.dll
0x000001c7ffd20000 - 0x000001c7ffd24000 	C:\Program Files\Java\javafx-sdk-16\bin\api-ms-win-crt-convert-l1-1-0.dll
0x000001c7ffd30000 - 0x000001c7ffd33000 	C:\Program Files\Java\javafx-sdk-16\bin\api-ms-win-crt-environment-l1-1-0.dll
0x000001c7ffd40000 - 0x000001c7ffd43000 	C:\Program Files\Java\javafx-sdk-16\bin\api-ms-win-crt-filesystem-l1-1-0.dll
0x000001c7ffd50000 - 0x000001c7ffd53000 	C:\Program Files\Java\javafx-sdk-16\bin\api-ms-win-crt-heap-l1-1-0.dll
0x000001c7ffd60000 - 0x000001c7ffd63000 	C:\Program Files\Java\javafx-sdk-16\bin\api-ms-win-crt-locale-l1-1-0.dll
0x000001c7ffd70000 - 0x000001c7ffd75000 	C:\Program Files\Java\javafx-sdk-16\bin\api-ms-win-crt-math-l1-1-0.dll
0x000001c7ffd80000 - 0x000001c7ffd85000 	C:\Program Files\Java\javafx-sdk-16\bin\api-ms-win-crt-multibyte-l1-1-0.dll
0x000001c7ffd90000 - 0x000001c7ffda0000 	C:\Program Files\Java\javafx-sdk-16\bin\api-ms-win-crt-private-l1-1-0.dll
0x000001c7ffda0000 - 0x000001c7ffda3000 	C:\Program Files\Java\javafx-sdk-16\bin\api-ms-win-crt-process-l1-1-0.dll
0x000001c7ffdb0000 - 0x000001c7ffdb4000 	C:\Program Files\Java\javafx-sdk-16\bin\api-ms-win-crt-runtime-l1-1-0.dll
0x000001c7ffdc0000 - 0x000001c7ffdc4000 	C:\Program Files\Java\javafx-sdk-16\bin\api-ms-win-crt-stdio-l1-1-0.dll
0x000001c7ffdd0000 - 0x000001c7ffdd4000 	C:\Program Files\Java\javafx-sdk-16\bin\api-ms-win-crt-string-l1-1-0.dll
0x000001c7ffde0000 - 0x000001c7ffde3000 	C:\Program Files\Java\javafx-sdk-16\bin\api-ms-win-crt-time-l1-1-0.dll
0x000001c7ffdf0000 - 0x000001c7ffdf3000 	C:\Program Files\Java\javafx-sdk-16\bin\api-ms-win-crt-utility-l1-1-0.dll
0x00007ff85f220000 - 0x00007ff85f31c000 	C:\Program Files\Java\javafx-sdk-16\bin\ucrtbase.dll
0x00007ff88e890000 - 0x00007ff88e8a9000 	C:\Program Files\Java\javafx-sdk-16\bin\vcruntime140.dll
0x00007ff88e880000 - 0x00007ff88e88c000 	C:\Program Files\Java\javafx-sdk-16\bin\vcruntime140_1.dll
0x00007ff871db0000 - 0x00007ff871e41000 	C:\Program Files\Java\javafx-sdk-16\bin\msvcp140.dll
0x00007ff88e850000 - 0x00007ff88e877000 	C:\Program Files\Java\javafx-sdk-16\bin\prism_d3d.dll
0x00007ff8695a0000 - 0x00007ff869767000 	C:\WINDOWS\system32\d3d9.dll
0x00007ff88f6f0000 - 0x00007ff88f71d000 	C:\WINDOWS\SYSTEM32\dwmapi.dll
0x00007ff88ff90000 - 0x00007ff88ffb0000 	C:\WINDOWS\SYSTEM32\dxcore.dll
0x00007ff88ef70000 - 0x00007ff88f009000 	C:\WINDOWS\system32\uxtheme.dll
0x00007ff8884b0000 - 0x00007ff88868b000 	C:\WINDOWS\System32\DriverStore\FileRepository\c0336994.inf_amd64_b976c53d8b210252\B336712\aticfx64.dll
0x00007ff883a10000 - 0x00007ff883a41000 	C:\WINDOWS\System32\DriverStore\FileRepository\c0336994.inf_amd64_b976c53d8b210252\B336712\atiu9p64.dll
0x00007ff8498c0000 - 0x00007ff84a543000 	C:\WINDOWS\System32\DriverStore\FileRepository\c0336994.inf_amd64_b976c53d8b210252\B336712\atiumd64.dll
0x00007ff892f90000 - 0x00007ff8930e7000 	C:\WINDOWS\System32\ole32.dll
0x0000000076fc0000 - 0x0000000077c6f000 	C:\WINDOWS\System32\DriverStore\FileRepository\c0336994.inf_amd64_b976c53d8b210252\B336712\atiumd6a.dll
0x00007ff888380000 - 0x00007ff8883a9000 	C:\WINDOWS\SYSTEM32\amdihk64.dll
0x00007ff88e800000 - 0x00007ff88e842000 	C:\Program Files\Java\javafx-sdk-16\bin\glass.dll
0x00007ff892cf0000 - 0x00007ff892dc0000 	C:\WINDOWS\System32\COMDLG32.dll
0x00007ff892c10000 - 0x00007ff892cd5000 	C:\WINDOWS\System32\OLEAUT32.dll
0x00007ff892580000 - 0x00007ff8926b5000 	C:\WINDOWS\System32\MSCTF.dll
0x00007ff88e6b0000 - 0x00007ff88e6c4000 	C:\Program Files\Java\javafx-sdk-16\bin\javafx_font.dll
0x00007ff8908b0000 - 0x00007ff89097b000 	C:\WINDOWS\SYSTEM32\DNSAPI.dll
0x00007ff893bb0000 - 0x00007ff893bb8000 	C:\WINDOWS\System32\NSI.dll
0x00007ff890860000 - 0x00007ff89089a000 	C:\WINDOWS\SYSTEM32\IPHLPAPI.DLL
0x00007ff88ac10000 - 0x00007ff88ac1a000 	C:\Windows\System32\rasadhlp.dll
0x00007ff88f1a0000 - 0x00007ff88f217000 	C:\WINDOWS\System32\fwpuclnt.dll
0x00007ff891450000 - 0x00007ff891476000 	C:\WINDOWS\System32\bcrypt.dll

dbghelp: loaded successfully - version: 4.0.5 - missing functions: none
symbol engine: initialized successfully - sym options: 0x614 - pdb path: .;C:\Program Files\Java\jdk-15.0.2\bin;C:\WINDOWS\SYSTEM32;C:\WINDOWS\WinSxS\amd64_microsoft.windows.common-controls_6595b64144ccf1df_6.0.18362.1556_none_9e7e372fe45e41d5;C:\Program Files\Java\jdk-15.0.2\bin\server;C:\Program Files\JetBrains\IntelliJ IDEA Community Edition 2020.3.2\bin;C:\Program Files\Java\javafx-sdk-16\bin;C:\WINDOWS\System32\DriverStore\FileRepository\c0336994.inf_amd64_b976c53d8b210252\B336712

VM Arguments:
jvm_args: --module-path=C:\Program Files\Java\javafx-sdk-16\lib --add-modules=javafx.controls,javafx.fxml -javaagent:C:\Program Files\JetBrains\IntelliJ IDEA Community Edition 2020.3.2\lib\idea_rt.jar=56826:C:\Program Files\JetBrains\IntelliJ IDEA Community Edition 2020.3.2\bin -Dfile.encoding=UTF-8 
java_command: sample.Main
java_class_path (initial): C:\Users\User\IdeaProjects\DBTable\out\production\DBTable;C:\Program Files\Java\javafx-sdk-16\lib\src.zip;C:\Program Files\Java\javafx-sdk-16\lib\javafx-swt.jar;C:\Program Files\Java\javafx-sdk-16\lib\javafx.web.jar;C:\Program Files\Java\javafx-sdk-16\lib\javafx.base.jar;C:\Program Files\Java\javafx-sdk-16\lib\javafx.fxml.jar;C:\Program Files\Java\javafx-sdk-16\lib\javafx.media.jar;C:\Program Files\Java\javafx-sdk-16\lib\javafx.swing.jar;C:\Program Files\Java\javafx-sdk-16\lib\javafx.controls.jar;C:\Program Files\Java\javafx-sdk-16\lib\javafx.graphics.jar;C:\Users\User\IdeaProjects\DBTable\src\mysql-connector-java-8.0.24.jar
Launcher Type: SUN_STANDARD

[Global flags]
     intx CICompilerCount                          = 3                                         {product} {ergonomic}
     uint ConcGCThreads                            = 1                                         {product} {ergonomic}
     uint G1ConcRefinementThreads                  = 4                                         {product} {ergonomic}
   size_t G1HeapRegionSize                         = 1048576                                   {product} {ergonomic}
    uintx GCDrainStackTargetSize                   = 64                                        {product} {ergonomic}
   size_t InitialHeapSize                          = 125829120                                 {product} {ergonomic}
   size_t MarkStackSize                            = 4194304                                   {product} {ergonomic}
   size_t MaxHeapSize                              = 2004877312                                {product} {ergonomic}
   size_t MaxNewSize                               = 1202716672                                {product} {ergonomic}
   size_t MinHeapDeltaBytes                        = 1048576                                   {product} {ergonomic}
   size_t MinHeapSize                              = 8388608                                   {product} {ergonomic}
    uintx NonNMethodCodeHeapSize                   = 5832780                                {pd product} {ergonomic}
    uintx NonProfiledCodeHeapSize                  = 122912730                              {pd product} {ergonomic}
    uintx ProfiledCodeHeapSize                     = 122912730                              {pd product} {ergonomic}
    uintx ReservedCodeCacheSize                    = 251658240                              {pd product} {ergonomic}
     bool SegmentedCodeCache                       = true                                      {product} {ergonomic}
   size_t SoftMaxHeapSize                          = 2004877312                             {manageable} {ergonomic}
     bool UseCompressedClassPointers               = true                                 {lp64_product} {ergonomic}
     bool UseCompressedOops                        = true                                 {lp64_product} {ergonomic}
     bool UseG1GC                                  = true                                      {product} {ergonomic}
     bool UseLargePagesIndividualAllocation        = false                                  {pd product} {ergonomic}

Logging:
Log output configuration:
 #0: stdout all=warning uptime,level,tags
 #1: stderr all=off uptime,level,tags

Environment Variables:
JAVA_HOME=C:\Program Files\Java\jdk-10.0.1
PATH=C:\Program Files\Common Files\Oracle\Java\javapath;C:\app\User\product\18.0.0\dbhomeXE\bin;C:\Program Files (x86)\Common Files\Oracle\Java\javapath;C:\WINDOWS\system32;C:\WINDOWS;C:\WINDOWS\System32\Wbem;C:\WINDOWS\System32\WindowsPowerShell\v1.0\;C:\Program Files\Java\jdk-10.0.1\bin;C:\WINDOWS\System32\OpenSSH\;C:\Program Files (x86)\Livestreamer;C:\Program Files\Git\cmd;C:\Program Files (x86)\NVIDIA Corporation\PhysX\Common;C:\Users\User\AppData\Local\Programs\Python\Python39\Scripts\;C:\Users\User\AppData\Local\Programs\Python\Python39\;C:\Users\User\AppData\Local\Microsoft\WindowsApps;
USERNAME=User
OS=Windows_NT
PROCESSOR_IDENTIFIER=AMD64 Family 21 Model 101 Stepping 1, AuthenticAMD



---------------  S Y S T E M  ---------------

OS:
 Windows 10 , 64 bit Build 18362 (10.0.18362.1500)
OS uptime: 6 days 22:39 hours

CPU: total 4 (initial active 4) (4 cores per cpu, 1 threads per core) family 21 model 101 stepping 1 microcode 0x0, cmov, cx8, fxsr, mmx, sse, sse2, sse3, ssse3, sse4.1, sse4.2, popcnt, vzeroupper, avx, avx2, aes, clmul, 3dnowpref, lzcnt, sse4a, tsc, tscinvbit, tscinv, bmi1, bmi2, fma, clflush

Memory: 4k page, system-wide physical 7645M (680M free)
TotalPageFile size 13645M (AvailPageFile size 33M)
current process WorkingSet (physical memory assigned to process): 392M, peak: 392M
current process commit charge ("private bytes"): 430M, peak: 485M

vm_info: Java HotSpot(TM) 64-Bit Server VM (15.0.2+7-27) for windows-amd64 JRE (15.0.2+7-27), built on Dec  7 2020 20:07:01 by "mach5one" with unknown MS VC++:1925

END.
